2020-12-09 17:12:872 INFO  AddCustomerPage :36 - clicking on bank manager login link [[ChromeDriver: chrome on WINDOWS (e0205453aef97ff3607a8a68e0ed2183)] -> xpath: //button[contains(text(),'Bank Manager Login')]]
2020-12-09 17:12:136 INFO  AddCustomerPage :21 - clicking on add customer link [[ChromeDriver: chrome on WINDOWS (e0205453aef97ff3607a8a68e0ed2183)] -> xpath: //div[@class='border box padT20 ng-scope']/div/button[1]]
2020-12-09 17:12:486 INFO  AddCustomerPage :31 - Enter First Name [[ChromeDriver: chrome on WINDOWS (e0205453aef97ff3607a8a68e0ed2183)] -> xpath: //form[@name='myForm']/div[1]/input[1]]
2020-12-09 17:12:631 INFO  AddCustomerPage :38 - Enter Last Name [[ChromeDriver: chrome on WINDOWS (e0205453aef97ff3607a8a68e0ed2183)] -> xpath: //form[@name='myForm']/div[2]/input[1]]
2020-12-09 17:12:756 INFO  AddCustomerPage :45 - Enter Post Code [[ChromeDriver: chrome on WINDOWS (e0205453aef97ff3607a8a68e0ed2183)] -> xpath: //form[@name='myForm']/div[3]/input[1]]
2020-12-09 17:12:785 INFO  AddCustomerPage :51 - clicking on add cutomer btn [[ChromeDriver: chrome on WINDOWS (e0205453aef97ff3607a8a68e0ed2183)] -> xpath: //form[@name='myForm']//button]
2020-12-09 18:12:749 INFO  AddCustomerPage :36 - clicking on bank manager login link [[ChromeDriver: chrome on WINDOWS (1f3b44f10be5702720f0d86768dda988)] -> xpath: //button[contains(text(),'Bank Manager Login')]]
2020-12-09 18:12:07 INFO  AddCustomerPage :21 - clicking on add customer link [[ChromeDriver: chrome on WINDOWS (1f3b44f10be5702720f0d86768dda988)] -> xpath: //div[@class='border box padT20 ng-scope']/div/button[1]]
2020-12-09 18:12:356 INFO  AddCustomerPage :31 - Enter First Name [[ChromeDriver: chrome on WINDOWS (1f3b44f10be5702720f0d86768dda988)] -> xpath: //form[@name='myForm']/div[1]/input[1]]
2020-12-09 18:12:488 INFO  AddCustomerPage :38 - Enter Last Name [[ChromeDriver: chrome on WINDOWS (1f3b44f10be5702720f0d86768dda988)] -> xpath: //form[@name='myForm']/div[2]/input[1]]
2020-12-09 18:12:626 INFO  AddCustomerPage :45 - Enter Post Code [[ChromeDriver: chrome on WINDOWS (1f3b44f10be5702720f0d86768dda988)] -> xpath: //form[@name='myForm']/div[3]/input[1]]
2020-12-09 18:12:658 INFO  AddCustomerPage :51 - clicking on add cutomer btn [[ChromeDriver: chrome on WINDOWS (1f3b44f10be5702720f0d86768dda988)] -> xpath: //form[@name='myForm']//button]
2020-12-09 18:12:386 INFO  AddCustomerPage :36 - clicking on bank manager login link [[ChromeDriver: chrome on WINDOWS (a49822dfcd2d606c914c09f9a13e09b8)] -> xpath: //button[contains(text(),'Bank Manager Login')]]
2020-12-09 18:12:697 INFO  AddCustomerPage :21 - clicking on add customer link [[ChromeDriver: chrome on WINDOWS (a49822dfcd2d606c914c09f9a13e09b8)] -> xpath: //div[@class='border box padT20 ng-scope']/div/button[1]]
2020-12-09 18:12:74 INFO  AddCustomerPage :31 - Enter First Name [[ChromeDriver: chrome on WINDOWS (a49822dfcd2d606c914c09f9a13e09b8)] -> xpath: //form[@name='myForm']/div[1]/input[1]]
2020-12-09 18:12:208 INFO  AddCustomerPage :38 - Enter Last Name [[ChromeDriver: chrome on WINDOWS (a49822dfcd2d606c914c09f9a13e09b8)] -> xpath: //form[@name='myForm']/div[2]/input[1]]
2020-12-09 18:12:332 INFO  AddCustomerPage :45 - Enter Post Code [[ChromeDriver: chrome on WINDOWS (a49822dfcd2d606c914c09f9a13e09b8)] -> xpath: //form[@name='myForm']/div[3]/input[1]]
2020-12-09 18:12:380 INFO  AddCustomerPage :51 - clicking on add cutomer btn [[ChromeDriver: chrome on WINDOWS (a49822dfcd2d606c914c09f9a13e09b8)] -> xpath: //form[@name='myForm']//button]
2020-12-09 18:12:518 INFO  AddCustomerPage :27 - clicking on open account btn [[ChromeDriver: chrome on WINDOWS (a49822dfcd2d606c914c09f9a13e09b8)] -> xpath: //div[@class='border box padT20 ng-scope']/div/button[2]]
2020-12-09 18:12:244 INFO  AddCustomerPage :30 - clicking customer drop down [[ChromeDriver: chrome on WINDOWS (a49822dfcd2d606c914c09f9a13e09b8)] -> xpath: //select[@id='userSelect']]
2020-12-09 18:12:602 INFO  AddCustomerPage :38 - clicking Pound currency from drop down [[ChromeDriver: chrome on WINDOWS (a49822dfcd2d606c914c09f9a13e09b8)] -> xpath: //select[@id='currency']]
2020-12-09 18:12:640 INFO  AddCustomerPage :44 - clicking on process btn [[ChromeDriver: chrome on WINDOWS (a49822dfcd2d606c914c09f9a13e09b8)] -> xpath: //button[contains(text(),'Process')]]
2020-12-09 18:12:331 INFO  AddCustomerPage :36 - clicking on bank manager login link [[ChromeDriver: chrome on WINDOWS (301f8a29757a9d9ab87ea429730acf1b)] -> xpath: //button[contains(text(),'Bank Manager Login')]]
2020-12-09 18:12:590 INFO  AddCustomerPage :21 - clicking on add customer link [[ChromeDriver: chrome on WINDOWS (301f8a29757a9d9ab87ea429730acf1b)] -> xpath: //div[@class='border box padT20 ng-scope']/div/button[1]]
2020-12-09 18:12:936 INFO  AddCustomerPage :31 - Enter First Name [[ChromeDriver: chrome on WINDOWS (301f8a29757a9d9ab87ea429730acf1b)] -> xpath: //form[@name='myForm']/div[1]/input[1]]
2020-12-09 18:12:60 INFO  AddCustomerPage :38 - Enter Last Name [[ChromeDriver: chrome on WINDOWS (301f8a29757a9d9ab87ea429730acf1b)] -> xpath: //form[@name='myForm']/div[2]/input[1]]
2020-12-09 18:12:191 INFO  AddCustomerPage :45 - Enter Post Code [[ChromeDriver: chrome on WINDOWS (301f8a29757a9d9ab87ea429730acf1b)] -> xpath: //form[@name='myForm']/div[3]/input[1]]
2020-12-09 18:12:223 INFO  AddCustomerPage :51 - clicking on add cutomer btn [[ChromeDriver: chrome on WINDOWS (301f8a29757a9d9ab87ea429730acf1b)] -> xpath: //form[@name='myForm']//button]
2020-12-09 18:12:839 INFO  AddCustomerPage :36 - clicking on bank manager login link [[ChromeDriver: chrome on WINDOWS (a78ad05a80a41503b7a9c592a3a1b038)] -> xpath: //button[contains(text(),'Bank Manager Login')]]
2020-12-09 18:12:94 INFO  AddCustomerPage :21 - clicking on add customer link [[ChromeDriver: chrome on WINDOWS (a78ad05a80a41503b7a9c592a3a1b038)] -> xpath: //div[@class='border box padT20 ng-scope']/div/button[1]]
2020-12-09 18:12:428 INFO  AddCustomerPage :31 - Enter First Name [[ChromeDriver: chrome on WINDOWS (a78ad05a80a41503b7a9c592a3a1b038)] -> xpath: //form[@name='myForm']/div[1]/input[1]]
2020-12-09 18:12:566 INFO  AddCustomerPage :38 - Enter Last Name [[ChromeDriver: chrome on WINDOWS (a78ad05a80a41503b7a9c592a3a1b038)] -> xpath: //form[@name='myForm']/div[2]/input[1]]
2020-12-09 18:12:702 INFO  AddCustomerPage :45 - Enter Post Code [[ChromeDriver: chrome on WINDOWS (a78ad05a80a41503b7a9c592a3a1b038)] -> xpath: //form[@name='myForm']/div[3]/input[1]]
2020-12-09 18:12:734 INFO  AddCustomerPage :51 - clicking on add cutomer btn [[ChromeDriver: chrome on WINDOWS (a78ad05a80a41503b7a9c592a3a1b038)] -> xpath: //form[@name='myForm']//button]
2020-12-09 18:12:845 INFO  AddCustomerPage :27 - clicking on open account btn [[ChromeDriver: chrome on WINDOWS (a78ad05a80a41503b7a9c592a3a1b038)] -> xpath: //div[@class='border box padT20 ng-scope']/div/button[2]]
2020-12-09 18:12:430 INFO  AddCustomerPage :30 - clicking customer drop down [[ChromeDriver: chrome on WINDOWS (a78ad05a80a41503b7a9c592a3a1b038)] -> xpath: //select[@id='userSelect']]
2020-12-09 18:12:697 INFO  AddCustomerPage :38 - clicking Pound currency from drop down [[ChromeDriver: chrome on WINDOWS (a78ad05a80a41503b7a9c592a3a1b038)] -> xpath: //select[@id='currency']]
2020-12-09 18:12:729 INFO  AddCustomerPage :44 - clicking on process btn [[ChromeDriver: chrome on WINDOWS (a78ad05a80a41503b7a9c592a3a1b038)] -> xpath: //button[contains(text(),'Process')]]
2020-12-09 18:12:239 INFO  AddCustomerPage :36 - clicking on bank manager login link [[ChromeDriver: chrome on WINDOWS (348d43d3f70e2cea3d2a54a2a477f3b0)] -> xpath: //button[contains(text(),'Bank Manager Login')]]
2020-12-09 18:12:534 INFO  AddCustomerPage :21 - clicking on add customer link [[ChromeDriver: chrome on WINDOWS (348d43d3f70e2cea3d2a54a2a477f3b0)] -> xpath: //div[@class='border box padT20 ng-scope']/div/button[1]]
2020-12-09 18:12:909 INFO  AddCustomerPage :31 - Enter First Name [[ChromeDriver: chrome on WINDOWS (348d43d3f70e2cea3d2a54a2a477f3b0)] -> xpath: //form[@name='myForm']/div[1]/input[1]]
2020-12-09 18:12:33 INFO  AddCustomerPage :38 - Enter Last Name [[ChromeDriver: chrome on WINDOWS (348d43d3f70e2cea3d2a54a2a477f3b0)] -> xpath: //form[@name='myForm']/div[2]/input[1]]
2020-12-09 18:12:154 INFO  AddCustomerPage :45 - Enter Post Code [[ChromeDriver: chrome on WINDOWS (348d43d3f70e2cea3d2a54a2a477f3b0)] -> xpath: //form[@name='myForm']/div[3]/input[1]]
2020-12-09 18:12:180 INFO  AddCustomerPage :51 - clicking on add cutomer btn [[ChromeDriver: chrome on WINDOWS (348d43d3f70e2cea3d2a54a2a477f3b0)] -> xpath: //form[@name='myForm']//button]
2020-12-09 18:12:339 INFO  AddCustomerPage :34 - clicking on home btn [[ChromeDriver: chrome on WINDOWS (348d43d3f70e2cea3d2a54a2a477f3b0)] -> xpath: //button[contains(text(),'Home')]]
2020-12-09 18:12:489 INFO  AddCustomerPage :24 - clicking on customer login link [[ChromeDriver: chrome on WINDOWS (348d43d3f70e2cea3d2a54a2a477f3b0)] -> xpath: //button[contains(text(),'Customer Login')]]
2020-12-09 18:12:32 INFO  AddCustomerPage :30 - clicking customer drop down [[ChromeDriver: chrome on WINDOWS (348d43d3f70e2cea3d2a54a2a477f3b0)] -> xpath: //select[@id='userSelect']]
2020-12-09 18:12:179 INFO  AddCustomerPage :30 - clicking on login btn [[ChromeDriver: chrome on WINDOWS (348d43d3f70e2cea3d2a54a2a477f3b0)] -> xpath: //button[contains(text(),'Login')]]
2020-12-09 18:12:231 INFO  AddCustomerPage :66 - verification of logout btn [[ChromeDriver: chrome on WINDOWS (348d43d3f70e2cea3d2a54a2a477f3b0)] -> xpath: //button[contains(text(),'Logout')]]
2020-12-09 18:12:320 INFO  AddCustomerPage :58 - clicking on logout btn [[ChromeDriver: chrome on WINDOWS (348d43d3f70e2cea3d2a54a2a477f3b0)] -> xpath: //button[contains(text(),'Logout')]]
2020-12-09 18:12:105 INFO  AddCustomerPage :36 - clicking on bank manager login link [[ChromeDriver: chrome on WINDOWS (7c0f6365bdc70b0d49d2302d5c3f3197)] -> xpath: //button[contains(text(),'Bank Manager Login')]]
2020-12-09 18:12:363 INFO  AddCustomerPage :21 - clicking on add customer link [[ChromeDriver: chrome on WINDOWS (7c0f6365bdc70b0d49d2302d5c3f3197)] -> xpath: //div[@class='border box padT20 ng-scope']/div/button[1]]
2020-12-09 18:12:709 INFO  AddCustomerPage :31 - Enter First Name [[ChromeDriver: chrome on WINDOWS (7c0f6365bdc70b0d49d2302d5c3f3197)] -> xpath: //form[@name='myForm']/div[1]/input[1]]
2020-12-09 18:12:834 INFO  AddCustomerPage :38 - Enter Last Name [[ChromeDriver: chrome on WINDOWS (7c0f6365bdc70b0d49d2302d5c3f3197)] -> xpath: //form[@name='myForm']/div[2]/input[1]]
2020-12-09 18:12:967 INFO  AddCustomerPage :45 - Enter Post Code [[ChromeDriver: chrome on WINDOWS (7c0f6365bdc70b0d49d2302d5c3f3197)] -> xpath: //form[@name='myForm']/div[3]/input[1]]
2020-12-09 18:12:998 INFO  AddCustomerPage :51 - clicking on add cutomer btn [[ChromeDriver: chrome on WINDOWS (7c0f6365bdc70b0d49d2302d5c3f3197)] -> xpath: //form[@name='myForm']//button]
2020-12-09 18:12:193 INFO  AddCustomerPage :36 - clicking on bank manager login link [[ChromeDriver: chrome on WINDOWS (fd389ae5442c5328d22e8cb16dc2c459)] -> xpath: //button[contains(text(),'Bank Manager Login')]]
2020-12-09 18:12:482 INFO  AddCustomerPage :21 - clicking on add customer link [[ChromeDriver: chrome on WINDOWS (fd389ae5442c5328d22e8cb16dc2c459)] -> xpath: //div[@class='border box padT20 ng-scope']/div/button[1]]
2020-12-09 18:12:818 INFO  AddCustomerPage :31 - Enter First Name [[ChromeDriver: chrome on WINDOWS (fd389ae5442c5328d22e8cb16dc2c459)] -> xpath: //form[@name='myForm']/div[1]/input[1]]
2020-12-09 18:12:951 INFO  AddCustomerPage :38 - Enter Last Name [[ChromeDriver: chrome on WINDOWS (fd389ae5442c5328d22e8cb16dc2c459)] -> xpath: //form[@name='myForm']/div[2]/input[1]]
2020-12-09 18:12:68 INFO  AddCustomerPage :45 - Enter Post Code [[ChromeDriver: chrome on WINDOWS (fd389ae5442c5328d22e8cb16dc2c459)] -> xpath: //form[@name='myForm']/div[3]/input[1]]
2020-12-09 18:12:95 INFO  AddCustomerPage :51 - clicking on add cutomer btn [[ChromeDriver: chrome on WINDOWS (fd389ae5442c5328d22e8cb16dc2c459)] -> xpath: //form[@name='myForm']//button]
2020-12-09 18:12:249 INFO  AddCustomerPage :27 - clicking on open account btn [[ChromeDriver: chrome on WINDOWS (fd389ae5442c5328d22e8cb16dc2c459)] -> xpath: //div[@class='border box padT20 ng-scope']/div/button[2]]
2020-12-09 18:12:960 INFO  AddCustomerPage :30 - clicking customer drop down [[ChromeDriver: chrome on WINDOWS (fd389ae5442c5328d22e8cb16dc2c459)] -> xpath: //select[@id='userSelect']]
2020-12-09 18:12:412 INFO  AddCustomerPage :38 - clicking Pound currency from drop down [[ChromeDriver: chrome on WINDOWS (fd389ae5442c5328d22e8cb16dc2c459)] -> xpath: //select[@id='currency']]
2020-12-09 18:12:461 INFO  AddCustomerPage :44 - clicking on process btn [[ChromeDriver: chrome on WINDOWS (fd389ae5442c5328d22e8cb16dc2c459)] -> xpath: //button[contains(text(),'Process')]]
2020-12-09 18:12:37 INFO  AddCustomerPage :36 - clicking on bank manager login link [[ChromeDriver: chrome on WINDOWS (1ddd4eea94e203ec1970724c9608e976)] -> xpath: //button[contains(text(),'Bank Manager Login')]]
2020-12-09 18:12:326 INFO  AddCustomerPage :21 - clicking on add customer link [[ChromeDriver: chrome on WINDOWS (1ddd4eea94e203ec1970724c9608e976)] -> xpath: //div[@class='border box padT20 ng-scope']/div/button[1]]
2020-12-09 18:12:698 INFO  AddCustomerPage :31 - Enter First Name [[ChromeDriver: chrome on WINDOWS (1ddd4eea94e203ec1970724c9608e976)] -> xpath: //form[@name='myForm']/div[1]/input[1]]
2020-12-09 18:12:815 INFO  AddCustomerPage :38 - Enter Last Name [[ChromeDriver: chrome on WINDOWS (1ddd4eea94e203ec1970724c9608e976)] -> xpath: //form[@name='myForm']/div[2]/input[1]]
2020-12-09 18:12:930 INFO  AddCustomerPage :45 - Enter Post Code [[ChromeDriver: chrome on WINDOWS (1ddd4eea94e203ec1970724c9608e976)] -> xpath: //form[@name='myForm']/div[3]/input[1]]
2020-12-09 18:12:955 INFO  AddCustomerPage :51 - clicking on add cutomer btn [[ChromeDriver: chrome on WINDOWS (1ddd4eea94e203ec1970724c9608e976)] -> xpath: //form[@name='myForm']//button]
2020-12-09 18:12:114 INFO  AddCustomerPage :34 - clicking on home btn [[ChromeDriver: chrome on WINDOWS (1ddd4eea94e203ec1970724c9608e976)] -> xpath: //button[contains(text(),'Home')]]
2020-12-09 18:12:234 INFO  AddCustomerPage :24 - clicking on customer login link [[ChromeDriver: chrome on WINDOWS (1ddd4eea94e203ec1970724c9608e976)] -> xpath: //button[contains(text(),'Customer Login')]]
2020-12-09 18:12:779 INFO  AddCustomerPage :30 - clicking customer drop down [[ChromeDriver: chrome on WINDOWS (1ddd4eea94e203ec1970724c9608e976)] -> xpath: //select[@id='userSelect']]
2020-12-09 18:12:903 INFO  AddCustomerPage :30 - clicking on login btn [[ChromeDriver: chrome on WINDOWS (1ddd4eea94e203ec1970724c9608e976)] -> xpath: //button[contains(text(),'Login')]]
2020-12-09 18:12:940 INFO  AddCustomerPage :66 - verification of logout btn [[ChromeDriver: chrome on WINDOWS (1ddd4eea94e203ec1970724c9608e976)] -> xpath: //button[contains(text(),'Logout')]]
2020-12-09 18:12:13 INFO  AddCustomerPage :58 - clicking on logout btn [[ChromeDriver: chrome on WINDOWS (1ddd4eea94e203ec1970724c9608e976)] -> xpath: //button[contains(text(),'Logout')]]
2020-12-09 18:12:746 INFO  AddCustomerPage :36 - clicking on bank manager login link [[ChromeDriver: chrome on WINDOWS (4ce5f34849fcb5f46d02c4327d88b7e1)] -> xpath: //button[contains(text(),'Bank Manager Login')]]
2020-12-09 18:12:999 INFO  AddCustomerPage :21 - clicking on add customer link [[ChromeDriver: chrome on WINDOWS (4ce5f34849fcb5f46d02c4327d88b7e1)] -> xpath: //div[@class='border box padT20 ng-scope']/div/button[1]]
2020-12-09 18:12:326 INFO  AddCustomerPage :31 - Enter First Name [[ChromeDriver: chrome on WINDOWS (4ce5f34849fcb5f46d02c4327d88b7e1)] -> xpath: //form[@name='myForm']/div[1]/input[1]]
2020-12-09 18:12:458 INFO  AddCustomerPage :38 - Enter Last Name [[ChromeDriver: chrome on WINDOWS (4ce5f34849fcb5f46d02c4327d88b7e1)] -> xpath: //form[@name='myForm']/div[2]/input[1]]
2020-12-09 18:12:589 INFO  AddCustomerPage :45 - Enter Post Code [[ChromeDriver: chrome on WINDOWS (4ce5f34849fcb5f46d02c4327d88b7e1)] -> xpath: //form[@name='myForm']/div[3]/input[1]]
2020-12-09 18:12:621 INFO  AddCustomerPage :51 - clicking on add cutomer btn [[ChromeDriver: chrome on WINDOWS (4ce5f34849fcb5f46d02c4327d88b7e1)] -> xpath: //form[@name='myForm']//button]
2020-12-09 18:12:754 INFO  AddCustomerPage :27 - clicking on open account btn [[ChromeDriver: chrome on WINDOWS (4ce5f34849fcb5f46d02c4327d88b7e1)] -> xpath: //div[@class='border box padT20 ng-scope']/div/button[2]]
2020-12-09 18:12:305 INFO  AddCustomerPage :30 - clicking customer drop down [[ChromeDriver: chrome on WINDOWS (4ce5f34849fcb5f46d02c4327d88b7e1)] -> xpath: //select[@id='userSelect']]
2020-12-09 18:12:553 INFO  AddCustomerPage :38 - clicking Pound currency from drop down [[ChromeDriver: chrome on WINDOWS (4ce5f34849fcb5f46d02c4327d88b7e1)] -> xpath: //select[@id='currency']]
2020-12-09 18:12:587 INFO  AddCustomerPage :44 - clicking on process btn [[ChromeDriver: chrome on WINDOWS (4ce5f34849fcb5f46d02c4327d88b7e1)] -> xpath: //button[contains(text(),'Process')]]
2020-12-09 18:12:886 INFO  AddCustomerPage :34 - clicking on home btn [[ChromeDriver: chrome on WINDOWS (4ce5f34849fcb5f46d02c4327d88b7e1)] -> xpath: //button[contains(text(),'Home')]]
2020-12-09 18:12:35 INFO  AddCustomerPage :24 - clicking on customer login link [[ChromeDriver: chrome on WINDOWS (4ce5f34849fcb5f46d02c4327d88b7e1)] -> xpath: //button[contains(text(),'Customer Login')]]
2020-12-09 18:12:598 INFO  AddCustomerPage :30 - clicking customer drop down [[ChromeDriver: chrome on WINDOWS (4ce5f34849fcb5f46d02c4327d88b7e1)] -> xpath: //select[@id='userSelect']]
2020-12-09 18:12:741 INFO  AddCustomerPage :30 - clicking on login btn [[ChromeDriver: chrome on WINDOWS (4ce5f34849fcb5f46d02c4327d88b7e1)] -> xpath: //button[contains(text(),'Login')]]
2020-12-09 18:12:10 INFO  AddCustomerPage :36 - clicking on deposit[[ChromeDriver: chrome on WINDOWS (4ce5f34849fcb5f46d02c4327d88b7e1)] -> xpath: //button[2][contains(text(),'Deposit')]]
2020-12-09 18:12:332 INFO  AddCustomerPage :43 - deposit money [[ChromeDriver: chrome on WINDOWS (4ce5f34849fcb5f46d02c4327d88b7e1)] -> xpath: //div[@class='form-group']/input]
2020-12-09 18:12:451 INFO  AddCustomerPage :49 - clicking on deposit[[ChromeDriver: chrome on WINDOWS (4ce5f34849fcb5f46d02c4327d88b7e1)] -> xpath: //form[@name='myForm']/button]
2020-12-09 18:12:538 INFO  AddCustomerPage :55 - get message to verify[[ChromeDriver: chrome on WINDOWS (4ce5f34849fcb5f46d02c4327d88b7e1)] -> xpath: //span[contains(text(),'Deposit Successful')]]
2020-12-09 18:12:851 INFO  AddCustomerPage :36 - clicking on bank manager login link [[ChromeDriver: chrome on WINDOWS (7d313e890b9d75bd32f5c5e32fb7905c)] -> xpath: //button[contains(text(),'Bank Manager Login')]]
2020-12-09 18:12:168 INFO  AddCustomerPage :21 - clicking on add customer link [[ChromeDriver: chrome on WINDOWS (7d313e890b9d75bd32f5c5e32fb7905c)] -> xpath: //div[@class='border box padT20 ng-scope']/div/button[1]]
2020-12-09 18:12:561 INFO  AddCustomerPage :31 - Enter First Name [[ChromeDriver: chrome on WINDOWS (7d313e890b9d75bd32f5c5e32fb7905c)] -> xpath: //form[@name='myForm']/div[1]/input[1]]
2020-12-09 18:12:679 INFO  AddCustomerPage :38 - Enter Last Name [[ChromeDriver: chrome on WINDOWS (7d313e890b9d75bd32f5c5e32fb7905c)] -> xpath: //form[@name='myForm']/div[2]/input[1]]
2020-12-09 18:12:809 INFO  AddCustomerPage :45 - Enter Post Code [[ChromeDriver: chrome on WINDOWS (7d313e890b9d75bd32f5c5e32fb7905c)] -> xpath: //form[@name='myForm']/div[3]/input[1]]
2020-12-09 18:12:839 INFO  AddCustomerPage :51 - clicking on add cutomer btn [[ChromeDriver: chrome on WINDOWS (7d313e890b9d75bd32f5c5e32fb7905c)] -> xpath: //form[@name='myForm']//button]
2020-12-09 18:12:610 INFO  AddCustomerPage :36 - clicking on bank manager login link [[ChromeDriver: chrome on WINDOWS (2a6a3740a7bc23d900fd6de1029d4548)] -> xpath: //button[contains(text(),'Bank Manager Login')]]
2020-12-09 18:12:916 INFO  AddCustomerPage :21 - clicking on add customer link [[ChromeDriver: chrome on WINDOWS (2a6a3740a7bc23d900fd6de1029d4548)] -> xpath: //div[@class='border box padT20 ng-scope']/div/button[1]]
2020-12-09 18:12:281 INFO  AddCustomerPage :31 - Enter First Name [[ChromeDriver: chrome on WINDOWS (2a6a3740a7bc23d900fd6de1029d4548)] -> xpath: //form[@name='myForm']/div[1]/input[1]]
2020-12-09 18:12:406 INFO  AddCustomerPage :38 - Enter Last Name [[ChromeDriver: chrome on WINDOWS (2a6a3740a7bc23d900fd6de1029d4548)] -> xpath: //form[@name='myForm']/div[2]/input[1]]
2020-12-09 18:12:539 INFO  AddCustomerPage :45 - Enter Post Code [[ChromeDriver: chrome on WINDOWS (2a6a3740a7bc23d900fd6de1029d4548)] -> xpath: //form[@name='myForm']/div[3]/input[1]]
2020-12-09 18:12:572 INFO  AddCustomerPage :51 - clicking on add cutomer btn [[ChromeDriver: chrome on WINDOWS (2a6a3740a7bc23d900fd6de1029d4548)] -> xpath: //form[@name='myForm']//button]
2020-12-09 18:12:744 INFO  AddCustomerPage :27 - clicking on open account btn [[ChromeDriver: chrome on WINDOWS (2a6a3740a7bc23d900fd6de1029d4548)] -> xpath: //div[@class='border box padT20 ng-scope']/div/button[2]]
2020-12-09 18:12:456 INFO  AddCustomerPage :30 - clicking customer drop down [[ChromeDriver: chrome on WINDOWS (2a6a3740a7bc23d900fd6de1029d4548)] -> xpath: //select[@id='userSelect']]
2020-12-09 18:12:721 INFO  AddCustomerPage :38 - clicking Pound currency from drop down [[ChromeDriver: chrome on WINDOWS (2a6a3740a7bc23d900fd6de1029d4548)] -> xpath: //select[@id='currency']]
2020-12-09 18:12:757 INFO  AddCustomerPage :44 - clicking on process btn [[ChromeDriver: chrome on WINDOWS (2a6a3740a7bc23d900fd6de1029d4548)] -> xpath: //button[contains(text(),'Process')]]
2020-12-09 18:12:296 INFO  AddCustomerPage :36 - clicking on bank manager login link [[ChromeDriver: chrome on WINDOWS (a8ecaae1d3e4f5ba94fda019aedce756)] -> xpath: //button[contains(text(),'Bank Manager Login')]]
2020-12-09 18:12:586 INFO  AddCustomerPage :21 - clicking on add customer link [[ChromeDriver: chrome on WINDOWS (a8ecaae1d3e4f5ba94fda019aedce756)] -> xpath: //div[@class='border box padT20 ng-scope']/div/button[1]]
2020-12-09 18:12:948 INFO  AddCustomerPage :31 - Enter First Name [[ChromeDriver: chrome on WINDOWS (a8ecaae1d3e4f5ba94fda019aedce756)] -> xpath: //form[@name='myForm']/div[1]/input[1]]
2020-12-09 18:12:70 INFO  AddCustomerPage :38 - Enter Last Name [[ChromeDriver: chrome on WINDOWS (a8ecaae1d3e4f5ba94fda019aedce756)] -> xpath: //form[@name='myForm']/div[2]/input[1]]
2020-12-09 18:12:201 INFO  AddCustomerPage :45 - Enter Post Code [[ChromeDriver: chrome on WINDOWS (a8ecaae1d3e4f5ba94fda019aedce756)] -> xpath: //form[@name='myForm']/div[3]/input[1]]
2020-12-09 18:12:232 INFO  AddCustomerPage :51 - clicking on add cutomer btn [[ChromeDriver: chrome on WINDOWS (a8ecaae1d3e4f5ba94fda019aedce756)] -> xpath: //form[@name='myForm']//button]
2020-12-09 18:12:455 INFO  AddCustomerPage :34 - clicking on home btn [[ChromeDriver: chrome on WINDOWS (a8ecaae1d3e4f5ba94fda019aedce756)] -> xpath: //button[contains(text(),'Home')]]
2020-12-09 18:12:548 INFO  AddCustomerPage :24 - clicking on customer login link [[ChromeDriver: chrome on WINDOWS (a8ecaae1d3e4f5ba94fda019aedce756)] -> xpath: //button[contains(text(),'Customer Login')]]
2020-12-09 18:12:133 INFO  AddCustomerPage :30 - clicking customer drop down [[ChromeDriver: chrome on WINDOWS (a8ecaae1d3e4f5ba94fda019aedce756)] -> xpath: //select[@id='userSelect']]
2020-12-09 18:12:276 INFO  AddCustomerPage :30 - clicking on login btn [[ChromeDriver: chrome on WINDOWS (a8ecaae1d3e4f5ba94fda019aedce756)] -> xpath: //button[contains(text(),'Login')]]
2020-12-09 18:12:325 INFO  AddCustomerPage :66 - verification of logout btn [[ChromeDriver: chrome on WINDOWS (a8ecaae1d3e4f5ba94fda019aedce756)] -> xpath: //button[contains(text(),'Logout')]]
2020-12-09 18:12:410 INFO  AddCustomerPage :58 - clicking on logout btn [[ChromeDriver: chrome on WINDOWS (a8ecaae1d3e4f5ba94fda019aedce756)] -> xpath: //button[contains(text(),'Logout')]]
2020-12-09 18:12:62 INFO  AddCustomerPage :36 - clicking on bank manager login link [[ChromeDriver: chrome on WINDOWS (9285361e61482d8067e30f42420b87e3)] -> xpath: //button[contains(text(),'Bank Manager Login')]]
2020-12-09 18:12:311 INFO  AddCustomerPage :21 - clicking on add customer link [[ChromeDriver: chrome on WINDOWS (9285361e61482d8067e30f42420b87e3)] -> xpath: //div[@class='border box padT20 ng-scope']/div/button[1]]
2020-12-09 18:12:657 INFO  AddCustomerPage :31 - Enter First Name [[ChromeDriver: chrome on WINDOWS (9285361e61482d8067e30f42420b87e3)] -> xpath: //form[@name='myForm']/div[1]/input[1]]
2020-12-09 18:12:774 INFO  AddCustomerPage :38 - Enter Last Name [[ChromeDriver: chrome on WINDOWS (9285361e61482d8067e30f42420b87e3)] -> xpath: //form[@name='myForm']/div[2]/input[1]]
2020-12-09 18:12:895 INFO  AddCustomerPage :45 - Enter Post Code [[ChromeDriver: chrome on WINDOWS (9285361e61482d8067e30f42420b87e3)] -> xpath: //form[@name='myForm']/div[3]/input[1]]
2020-12-09 18:12:922 INFO  AddCustomerPage :51 - clicking on add cutomer btn [[ChromeDriver: chrome on WINDOWS (9285361e61482d8067e30f42420b87e3)] -> xpath: //form[@name='myForm']//button]
2020-12-09 18:12:33 INFO  AddCustomerPage :27 - clicking on open account btn [[ChromeDriver: chrome on WINDOWS (9285361e61482d8067e30f42420b87e3)] -> xpath: //div[@class='border box padT20 ng-scope']/div/button[2]]
2020-12-09 18:12:557 INFO  AddCustomerPage :30 - clicking customer drop down [[ChromeDriver: chrome on WINDOWS (9285361e61482d8067e30f42420b87e3)] -> xpath: //select[@id='userSelect']]
2020-12-09 18:12:810 INFO  AddCustomerPage :38 - clicking Pound currency from drop down [[ChromeDriver: chrome on WINDOWS (9285361e61482d8067e30f42420b87e3)] -> xpath: //select[@id='currency']]
2020-12-09 18:12:840 INFO  AddCustomerPage :44 - clicking on process btn [[ChromeDriver: chrome on WINDOWS (9285361e61482d8067e30f42420b87e3)] -> xpath: //button[contains(text(),'Process')]]
2020-12-09 18:12:24 INFO  AddCustomerPage :34 - clicking on home btn [[ChromeDriver: chrome on WINDOWS (9285361e61482d8067e30f42420b87e3)] -> xpath: //button[contains(text(),'Home')]]
2020-12-09 18:12:100 INFO  AddCustomerPage :24 - clicking on customer login link [[ChromeDriver: chrome on WINDOWS (9285361e61482d8067e30f42420b87e3)] -> xpath: //button[contains(text(),'Customer Login')]]
2020-12-09 18:12:546 INFO  AddCustomerPage :30 - clicking customer drop down [[ChromeDriver: chrome on WINDOWS (9285361e61482d8067e30f42420b87e3)] -> xpath: //select[@id='userSelect']]
2020-12-09 18:12:629 INFO  AddCustomerPage :30 - clicking on login btn [[ChromeDriver: chrome on WINDOWS (9285361e61482d8067e30f42420b87e3)] -> xpath: //button[contains(text(),'Login')]]
2020-12-09 18:12:868 INFO  AddCustomerPage :36 - clicking on deposit[[ChromeDriver: chrome on WINDOWS (9285361e61482d8067e30f42420b87e3)] -> xpath: //button[2][contains(text(),'Deposit')]]
2020-12-09 18:12:132 INFO  AddCustomerPage :43 - deposit money [[ChromeDriver: chrome on WINDOWS (9285361e61482d8067e30f42420b87e3)] -> xpath: //div[@class='form-group']/input]
2020-12-09 18:12:224 INFO  AddCustomerPage :49 - clicking on deposit[[ChromeDriver: chrome on WINDOWS (9285361e61482d8067e30f42420b87e3)] -> xpath: //form[@name='myForm']/button]
2020-12-09 18:12:279 INFO  AddCustomerPage :55 - get message to verify[[ChromeDriver: chrome on WINDOWS (9285361e61482d8067e30f42420b87e3)] -> xpath: //span[contains(text(),'Deposit Successful')]]
2020-12-09 18:12:779 INFO  AddCustomerPage :36 - clicking on bank manager login link [[ChromeDriver: chrome on WINDOWS (166e451d6eb9667ccb7703f8d94ae4f6)] -> xpath: //button[contains(text(),'Bank Manager Login')]]
2020-12-09 18:12:62 INFO  AddCustomerPage :21 - clicking on add customer link [[ChromeDriver: chrome on WINDOWS (166e451d6eb9667ccb7703f8d94ae4f6)] -> xpath: //div[@class='border box padT20 ng-scope']/div/button[1]]
2020-12-09 18:12:437 INFO  AddCustomerPage :31 - Enter First Name [[ChromeDriver: chrome on WINDOWS (166e451d6eb9667ccb7703f8d94ae4f6)] -> xpath: //form[@name='myForm']/div[1]/input[1]]
2020-12-09 18:12:550 INFO  AddCustomerPage :38 - Enter Last Name [[ChromeDriver: chrome on WINDOWS (166e451d6eb9667ccb7703f8d94ae4f6)] -> xpath: //form[@name='myForm']/div[2]/input[1]]
2020-12-09 18:12:677 INFO  AddCustomerPage :45 - Enter Post Code [[ChromeDriver: chrome on WINDOWS (166e451d6eb9667ccb7703f8d94ae4f6)] -> xpath: //form[@name='myForm']/div[3]/input[1]]
2020-12-09 18:12:725 INFO  AddCustomerPage :51 - clicking on add cutomer btn [[ChromeDriver: chrome on WINDOWS (166e451d6eb9667ccb7703f8d94ae4f6)] -> xpath: //form[@name='myForm']//button]
2020-12-09 18:12:861 INFO  AddCustomerPage :27 - clicking on open account btn [[ChromeDriver: chrome on WINDOWS (166e451d6eb9667ccb7703f8d94ae4f6)] -> xpath: //div[@class='border box padT20 ng-scope']/div/button[2]]
2020-12-09 18:12:463 INFO  AddCustomerPage :30 - clicking customer drop down [[ChromeDriver: chrome on WINDOWS (166e451d6eb9667ccb7703f8d94ae4f6)] -> xpath: //select[@id='userSelect']]
2020-12-09 18:12:767 INFO  AddCustomerPage :38 - clicking Pound currency from drop down [[ChromeDriver: chrome on WINDOWS (166e451d6eb9667ccb7703f8d94ae4f6)] -> xpath: //select[@id='currency']]
2020-12-09 18:12:793 INFO  AddCustomerPage :44 - clicking on process btn [[ChromeDriver: chrome on WINDOWS (166e451d6eb9667ccb7703f8d94ae4f6)] -> xpath: //button[contains(text(),'Process')]]
2020-12-09 18:12:970 INFO  AddCustomerPage :34 - clicking on home btn [[ChromeDriver: chrome on WINDOWS (166e451d6eb9667ccb7703f8d94ae4f6)] -> xpath: //button[contains(text(),'Home')]]
2020-12-09 18:12:69 INFO  AddCustomerPage :24 - clicking on customer login link [[ChromeDriver: chrome on WINDOWS (166e451d6eb9667ccb7703f8d94ae4f6)] -> xpath: //button[contains(text(),'Customer Login')]]
2020-12-09 18:12:515 INFO  AddCustomerPage :30 - clicking customer drop down [[ChromeDriver: chrome on WINDOWS (166e451d6eb9667ccb7703f8d94ae4f6)] -> xpath: //select[@id='userSelect']]
2020-12-09 18:12:596 INFO  AddCustomerPage :30 - clicking on login btn [[ChromeDriver: chrome on WINDOWS (166e451d6eb9667ccb7703f8d94ae4f6)] -> xpath: //button[contains(text(),'Login')]]
2020-12-09 18:12:840 INFO  AddCustomerPage :36 - clicking on deposit[[ChromeDriver: chrome on WINDOWS (166e451d6eb9667ccb7703f8d94ae4f6)] -> xpath: //button[2][contains(text(),'Deposit')]]
2020-12-09 18:12:102 INFO  AddCustomerPage :43 - deposit money [[ChromeDriver: chrome on WINDOWS (166e451d6eb9667ccb7703f8d94ae4f6)] -> xpath: //div[@class='form-group']/input]
2020-12-09 18:12:189 INFO  AddCustomerPage :49 - clicking on deposit[[ChromeDriver: chrome on WINDOWS (166e451d6eb9667ccb7703f8d94ae4f6)] -> xpath: //form[@name='myForm']/button]
2020-12-09 18:12:242 INFO  AddCustomerPage :55 - get message to verify[[ChromeDriver: chrome on WINDOWS (166e451d6eb9667ccb7703f8d94ae4f6)] -> xpath: //span[contains(text(),'Deposit Successful')]]
2020-12-09 18:12:313 INFO  AddCustomerPage :34 - clicking on home btn [[ChromeDriver: chrome on WINDOWS (166e451d6eb9667ccb7703f8d94ae4f6)] -> xpath: //button[contains(text(),'Home')]]
2020-12-09 18:12:442 INFO  AddCustomerPage :24 - clicking on customer login link Proxy element for: DefaultElementLocator 'By.xpath: //button[contains(text(),'Customer Login')]'
2020-12-09 18:12:724 INFO  AddCustomerPage :30 - clicking customer drop down [[ChromeDriver: chrome on WINDOWS (166e451d6eb9667ccb7703f8d94ae4f6)] -> xpath: //select[@id='userSelect']]
2020-12-09 18:12:915 INFO  AddCustomerPage :30 - clicking on login btn Proxy element for: DefaultElementLocator 'By.xpath: //button[contains(text(),'Login')]'
2020-12-09 18:12:16 INFO  AddCustomerPage :63 - clicking on Withdrawal btn[[ChromeDriver: chrome on WINDOWS (166e451d6eb9667ccb7703f8d94ae4f6)] -> xpath: //button[3][contains(text(),'Withdraw')]]
2020-12-09 18:12:435 INFO  AddCustomerPage :70 - enter Withdrawal amount[[ChromeDriver: chrome on WINDOWS (166e451d6eb9667ccb7703f8d94ae4f6)] -> xpath: //div[@class='form-group']/input]
2020-12-09 18:12:520 INFO  AddCustomerPage :76 - clicking on Withdrawal[[ChromeDriver: chrome on WINDOWS (166e451d6eb9667ccb7703f8d94ae4f6)] -> xpath: //form[@name='myForm']/button]
2020-12-09 20:12:641 INFO  AddCustomerPage :36 - clicking on bank manager login link [[ChromeDriver: chrome on WINDOWS (4b0afb6db203f49a3d4bc50844db40bf)] -> xpath: //button[contains(text(),'Bank Manager Login')]]
2020-12-09 20:12:943 INFO  AddCustomerPage :21 - clicking on add customer link [[ChromeDriver: chrome on WINDOWS (4b0afb6db203f49a3d4bc50844db40bf)] -> xpath: //div[@class='border box padT20 ng-scope']/div/button[1]]
2020-12-09 20:12:301 INFO  AddCustomerPage :31 - Enter First Name [[ChromeDriver: chrome on WINDOWS (4b0afb6db203f49a3d4bc50844db40bf)] -> xpath: //form[@name='myForm']/div[1]/input[1]]
2020-12-09 20:12:406 INFO  AddCustomerPage :38 - Enter Last Name [[ChromeDriver: chrome on WINDOWS (4b0afb6db203f49a3d4bc50844db40bf)] -> xpath: //form[@name='myForm']/div[2]/input[1]]
2020-12-09 20:12:509 INFO  AddCustomerPage :45 - Enter Post Code [[ChromeDriver: chrome on WINDOWS (4b0afb6db203f49a3d4bc50844db40bf)] -> xpath: //form[@name='myForm']/div[3]/input[1]]
2020-12-09 20:12:534 INFO  AddCustomerPage :51 - clicking on add cutomer btn [[ChromeDriver: chrome on WINDOWS (4b0afb6db203f49a3d4bc50844db40bf)] -> xpath: //form[@name='myForm']//button]
2020-12-09 20:12:299 INFO  AddCustomerPage :36 - clicking on bank manager login link [[ChromeDriver: chrome on WINDOWS (a8b2c91f6c4b3cbb4270e192f7641d9c)] -> xpath: //button[contains(text(),'Bank Manager Login')]]
2020-12-09 20:12:534 INFO  AddCustomerPage :21 - clicking on add customer link [[ChromeDriver: chrome on WINDOWS (a8b2c91f6c4b3cbb4270e192f7641d9c)] -> xpath: //div[@class='border box padT20 ng-scope']/div/button[1]]
2020-12-09 20:12:824 INFO  AddCustomerPage :31 - Enter First Name [[ChromeDriver: chrome on WINDOWS (a8b2c91f6c4b3cbb4270e192f7641d9c)] -> xpath: //form[@name='myForm']/div[1]/input[1]]
2020-12-09 20:12:919 INFO  AddCustomerPage :38 - Enter Last Name [[ChromeDriver: chrome on WINDOWS (a8b2c91f6c4b3cbb4270e192f7641d9c)] -> xpath: //form[@name='myForm']/div[2]/input[1]]
2020-12-09 20:12:13 INFO  AddCustomerPage :45 - Enter Post Code [[ChromeDriver: chrome on WINDOWS (a8b2c91f6c4b3cbb4270e192f7641d9c)] -> xpath: //form[@name='myForm']/div[3]/input[1]]
2020-12-09 20:12:35 INFO  AddCustomerPage :51 - clicking on add cutomer btn [[ChromeDriver: chrome on WINDOWS (a8b2c91f6c4b3cbb4270e192f7641d9c)] -> xpath: //form[@name='myForm']//button]
2020-12-09 20:12:120 INFO  AddCustomerPage :27 - clicking on open account btn [[ChromeDriver: chrome on WINDOWS (a8b2c91f6c4b3cbb4270e192f7641d9c)] -> xpath: //div[@class='border box padT20 ng-scope']/div/button[2]]
2020-12-09 20:12:651 INFO  AddCustomerPage :30 - clicking customer drop down [[ChromeDriver: chrome on WINDOWS (a8b2c91f6c4b3cbb4270e192f7641d9c)] -> xpath: //select[@id='userSelect']]
2020-12-09 20:12:859 INFO  AddCustomerPage :38 - clicking Pound currency from drop down [[ChromeDriver: chrome on WINDOWS (a8b2c91f6c4b3cbb4270e192f7641d9c)] -> xpath: //select[@id='currency']]
2020-12-09 20:12:890 INFO  AddCustomerPage :44 - clicking on process btn [[ChromeDriver: chrome on WINDOWS (a8b2c91f6c4b3cbb4270e192f7641d9c)] -> xpath: //button[contains(text(),'Process')]]
2020-12-09 20:12:125 INFO  AddCustomerPage :36 - clicking on bank manager login link [[ChromeDriver: chrome on WINDOWS (dc3b71b4bcb5c9c01a29bc69e8e1f196)] -> xpath: //button[contains(text(),'Bank Manager Login')]]
2020-12-09 20:12:358 INFO  AddCustomerPage :21 - clicking on add customer link [[ChromeDriver: chrome on WINDOWS (dc3b71b4bcb5c9c01a29bc69e8e1f196)] -> xpath: //div[@class='border box padT20 ng-scope']/div/button[1]]
2020-12-09 20:12:660 INFO  AddCustomerPage :31 - Enter First Name [[ChromeDriver: chrome on WINDOWS (dc3b71b4bcb5c9c01a29bc69e8e1f196)] -> xpath: //form[@name='myForm']/div[1]/input[1]]
2020-12-09 20:12:749 INFO  AddCustomerPage :38 - Enter Last Name [[ChromeDriver: chrome on WINDOWS (dc3b71b4bcb5c9c01a29bc69e8e1f196)] -> xpath: //form[@name='myForm']/div[2]/input[1]]
2020-12-09 20:12:840 INFO  AddCustomerPage :45 - Enter Post Code [[ChromeDriver: chrome on WINDOWS (dc3b71b4bcb5c9c01a29bc69e8e1f196)] -> xpath: //form[@name='myForm']/div[3]/input[1]]
2020-12-09 20:12:863 INFO  AddCustomerPage :51 - clicking on add cutomer btn [[ChromeDriver: chrome on WINDOWS (dc3b71b4bcb5c9c01a29bc69e8e1f196)] -> xpath: //form[@name='myForm']//button]
2020-12-09 20:12:991 INFO  AddCustomerPage :34 - clicking on home btn [[ChromeDriver: chrome on WINDOWS (dc3b71b4bcb5c9c01a29bc69e8e1f196)] -> xpath: //button[contains(text(),'Home')]]
2020-12-09 20:12:58 INFO  AddCustomerPage :24 - clicking on customer login link [[ChromeDriver: chrome on WINDOWS (dc3b71b4bcb5c9c01a29bc69e8e1f196)] -> xpath: //button[contains(text(),'Customer Login')]]
2020-12-09 20:12:505 INFO  AddCustomerPage :30 - clicking customer drop down [[ChromeDriver: chrome on WINDOWS (dc3b71b4bcb5c9c01a29bc69e8e1f196)] -> xpath: //select[@id='userSelect']]
2020-12-09 20:12:577 INFO  AddCustomerPage :30 - clicking on login btn [[ChromeDriver: chrome on WINDOWS (dc3b71b4bcb5c9c01a29bc69e8e1f196)] -> xpath: //button[contains(text(),'Login')]]
2020-12-09 20:12:600 INFO  AddCustomerPage :66 - verification of logout btn [[ChromeDriver: chrome on WINDOWS (dc3b71b4bcb5c9c01a29bc69e8e1f196)] -> xpath: //button[contains(text(),'Logout')]]
2020-12-09 20:12:663 INFO  AddCustomerPage :58 - clicking on logout btn [[ChromeDriver: chrome on WINDOWS (dc3b71b4bcb5c9c01a29bc69e8e1f196)] -> xpath: //button[contains(text(),'Logout')]]
2020-12-09 20:12:899 INFO  AddCustomerPage :36 - clicking on bank manager login link [[ChromeDriver: chrome on WINDOWS (481fb5358e882639f244d2c802ad0e90)] -> xpath: //button[contains(text(),'Bank Manager Login')]]
2020-12-09 20:12:136 INFO  AddCustomerPage :21 - clicking on add customer link [[ChromeDriver: chrome on WINDOWS (481fb5358e882639f244d2c802ad0e90)] -> xpath: //div[@class='border box padT20 ng-scope']/div/button[1]]
2020-12-09 20:12:425 INFO  AddCustomerPage :31 - Enter First Name [[ChromeDriver: chrome on WINDOWS (481fb5358e882639f244d2c802ad0e90)] -> xpath: //form[@name='myForm']/div[1]/input[1]]
2020-12-09 20:12:514 INFO  AddCustomerPage :38 - Enter Last Name [[ChromeDriver: chrome on WINDOWS (481fb5358e882639f244d2c802ad0e90)] -> xpath: //form[@name='myForm']/div[2]/input[1]]
2020-12-09 20:12:607 INFO  AddCustomerPage :45 - Enter Post Code [[ChromeDriver: chrome on WINDOWS (481fb5358e882639f244d2c802ad0e90)] -> xpath: //form[@name='myForm']/div[3]/input[1]]
2020-12-09 20:12:631 INFO  AddCustomerPage :51 - clicking on add cutomer btn [[ChromeDriver: chrome on WINDOWS (481fb5358e882639f244d2c802ad0e90)] -> xpath: //form[@name='myForm']//button]
2020-12-09 20:12:716 INFO  AddCustomerPage :27 - clicking on open account btn [[ChromeDriver: chrome on WINDOWS (481fb5358e882639f244d2c802ad0e90)] -> xpath: //div[@class='border box padT20 ng-scope']/div/button[2]]
2020-12-09 20:12:163 INFO  AddCustomerPage :30 - clicking customer drop down [[ChromeDriver: chrome on WINDOWS (481fb5358e882639f244d2c802ad0e90)] -> xpath: //select[@id='userSelect']]
2020-12-09 20:12:358 INFO  AddCustomerPage :38 - clicking Pound currency from drop down [[ChromeDriver: chrome on WINDOWS (481fb5358e882639f244d2c802ad0e90)] -> xpath: //select[@id='currency']]
2020-12-09 20:12:390 INFO  AddCustomerPage :44 - clicking on process btn [[ChromeDriver: chrome on WINDOWS (481fb5358e882639f244d2c802ad0e90)] -> xpath: //button[contains(text(),'Process')]]
2020-12-09 20:12:520 INFO  AddCustomerPage :34 - clicking on home btn [[ChromeDriver: chrome on WINDOWS (481fb5358e882639f244d2c802ad0e90)] -> xpath: //button[contains(text(),'Home')]]
2020-12-09 20:12:579 INFO  AddCustomerPage :24 - clicking on customer login link [[ChromeDriver: chrome on WINDOWS (481fb5358e882639f244d2c802ad0e90)] -> xpath: //button[contains(text(),'Customer Login')]]
2020-12-09 20:12:974 INFO  AddCustomerPage :30 - clicking customer drop down [[ChromeDriver: chrome on WINDOWS (481fb5358e882639f244d2c802ad0e90)] -> xpath: //select[@id='userSelect']]
2020-12-09 20:12:39 INFO  AddCustomerPage :30 - clicking on login btn [[ChromeDriver: chrome on WINDOWS (481fb5358e882639f244d2c802ad0e90)] -> xpath: //button[contains(text(),'Login')]]
2020-12-09 20:12:267 INFO  AddCustomerPage :36 - clicking on deposit[[ChromeDriver: chrome on WINDOWS (481fb5358e882639f244d2c802ad0e90)] -> xpath: //button[2][contains(text(),'Deposit')]]
2020-12-09 20:12:519 INFO  AddCustomerPage :43 - deposit money [[ChromeDriver: chrome on WINDOWS (481fb5358e882639f244d2c802ad0e90)] -> xpath: //div[@class='form-group']/input]
2020-12-09 20:12:596 INFO  AddCustomerPage :49 - clicking on deposit[[ChromeDriver: chrome on WINDOWS (481fb5358e882639f244d2c802ad0e90)] -> xpath: //form[@name='myForm']/button]
2020-12-09 20:12:619 INFO  AddCustomerPage :54 - get message to verify[[ChromeDriver: chrome on WINDOWS (481fb5358e882639f244d2c802ad0e90)] -> xpath: //span[contains(text(),'Deposit Successful')]]
2020-12-09 20:12:847 INFO  AddCustomerPage :36 - clicking on bank manager login link [[ChromeDriver: chrome on WINDOWS (aea3dc68e23370346c04cbf23ef01f1f)] -> xpath: //button[contains(text(),'Bank Manager Login')]]
2020-12-09 20:12:72 INFO  AddCustomerPage :21 - clicking on add customer link [[ChromeDriver: chrome on WINDOWS (aea3dc68e23370346c04cbf23ef01f1f)] -> xpath: //div[@class='border box padT20 ng-scope']/div/button[1]]
2020-12-09 20:12:358 INFO  AddCustomerPage :31 - Enter First Name [[ChromeDriver: chrome on WINDOWS (aea3dc68e23370346c04cbf23ef01f1f)] -> xpath: //form[@name='myForm']/div[1]/input[1]]
2020-12-09 20:12:450 INFO  AddCustomerPage :38 - Enter Last Name [[ChromeDriver: chrome on WINDOWS (aea3dc68e23370346c04cbf23ef01f1f)] -> xpath: //form[@name='myForm']/div[2]/input[1]]
2020-12-09 20:12:541 INFO  AddCustomerPage :45 - Enter Post Code [[ChromeDriver: chrome on WINDOWS (aea3dc68e23370346c04cbf23ef01f1f)] -> xpath: //form[@name='myForm']/div[3]/input[1]]
2020-12-09 20:12:562 INFO  AddCustomerPage :51 - clicking on add cutomer btn [[ChromeDriver: chrome on WINDOWS (aea3dc68e23370346c04cbf23ef01f1f)] -> xpath: //form[@name='myForm']//button]
2020-12-09 20:12:652 INFO  AddCustomerPage :27 - clicking on open account btn [[ChromeDriver: chrome on WINDOWS (aea3dc68e23370346c04cbf23ef01f1f)] -> xpath: //div[@class='border box padT20 ng-scope']/div/button[2]]
2020-12-09 20:12:108 INFO  AddCustomerPage :30 - clicking customer drop down [[ChromeDriver: chrome on WINDOWS (aea3dc68e23370346c04cbf23ef01f1f)] -> xpath: //select[@id='userSelect']]
2020-12-09 20:12:307 INFO  AddCustomerPage :38 - clicking Pound currency from drop down [[ChromeDriver: chrome on WINDOWS (aea3dc68e23370346c04cbf23ef01f1f)] -> xpath: //select[@id='currency']]
2020-12-09 20:12:330 INFO  AddCustomerPage :44 - clicking on process btn [[ChromeDriver: chrome on WINDOWS (aea3dc68e23370346c04cbf23ef01f1f)] -> xpath: //button[contains(text(),'Process')]]
2020-12-09 20:12:498 INFO  AddCustomerPage :34 - clicking on home btn [[ChromeDriver: chrome on WINDOWS (aea3dc68e23370346c04cbf23ef01f1f)] -> xpath: //button[contains(text(),'Home')]]
2020-12-09 20:12:570 INFO  AddCustomerPage :24 - clicking on customer login link [[ChromeDriver: chrome on WINDOWS (aea3dc68e23370346c04cbf23ef01f1f)] -> xpath: //button[contains(text(),'Customer Login')]]
2020-12-09 20:12:973 INFO  AddCustomerPage :30 - clicking customer drop down [[ChromeDriver: chrome on WINDOWS (aea3dc68e23370346c04cbf23ef01f1f)] -> xpath: //select[@id='userSelect']]
2020-12-09 20:12:44 INFO  AddCustomerPage :30 - clicking on login btn [[ChromeDriver: chrome on WINDOWS (aea3dc68e23370346c04cbf23ef01f1f)] -> xpath: //button[contains(text(),'Login')]]
2020-12-09 20:12:268 INFO  AddCustomerPage :36 - clicking on deposit[[ChromeDriver: chrome on WINDOWS (aea3dc68e23370346c04cbf23ef01f1f)] -> xpath: //button[2][contains(text(),'Deposit')]]
2020-12-09 20:12:507 INFO  AddCustomerPage :43 - deposit money [[ChromeDriver: chrome on WINDOWS (aea3dc68e23370346c04cbf23ef01f1f)] -> xpath: //div[@class='form-group']/input]
2020-12-09 20:12:572 INFO  AddCustomerPage :49 - clicking on deposit[[ChromeDriver: chrome on WINDOWS (aea3dc68e23370346c04cbf23ef01f1f)] -> xpath: //form[@name='myForm']/button]
2020-12-09 20:12:594 INFO  AddCustomerPage :54 - get message to verify[[ChromeDriver: chrome on WINDOWS (aea3dc68e23370346c04cbf23ef01f1f)] -> xpath: //span[contains(text(),'Deposit Successful')]]
2020-12-09 20:12:663 INFO  AddCustomerPage :34 - clicking on home btn [[ChromeDriver: chrome on WINDOWS (aea3dc68e23370346c04cbf23ef01f1f)] -> xpath: //button[contains(text(),'Home')]]
2020-12-09 20:12:791 INFO  AddCustomerPage :24 - clicking on customer login link Proxy element for: DefaultElementLocator 'By.xpath: //button[contains(text(),'Customer Login')]'
2020-12-09 20:12:47 INFO  AddCustomerPage :30 - clicking customer drop down [[ChromeDriver: chrome on WINDOWS (aea3dc68e23370346c04cbf23ef01f1f)] -> xpath: //select[@id='userSelect']]
2020-12-09 20:12:126 INFO  AddCustomerPage :30 - clicking on login btn Proxy element for: DefaultElementLocator 'By.xpath: //button[contains(text(),'Login')]'
2020-12-09 20:12:221 INFO  AddCustomerPage :63 - clicking on Withdrawal btn[[ChromeDriver: chrome on WINDOWS (aea3dc68e23370346c04cbf23ef01f1f)] -> xpath: //button[3][contains(text(),'Withdraw')]]
2020-12-09 20:12:606 INFO  AddCustomerPage :70 - enter Withdrawal amount[[ChromeDriver: chrome on WINDOWS (aea3dc68e23370346c04cbf23ef01f1f)] -> xpath: //div[@class='form-group']/input]
2020-12-09 20:12:665 INFO  AddCustomerPage :76 - clicking on Withdrawal[[ChromeDriver: chrome on WINDOWS (aea3dc68e23370346c04cbf23ef01f1f)] -> xpath: //form[@name='myForm']/button]
2020-12-09 20:12:702 INFO  AddCustomerPage :82 - get message to verify[[ChromeDriver: chrome on WINDOWS (aea3dc68e23370346c04cbf23ef01f1f)] -> xpath: //span[contains(text(),'Transaction successful')]]
