2020-12-09 13:12:262 INFO  AddCustomerPage :21 - clicking on add customer link [[ChromeDriver: chrome on WINDOWS (e3e0198464e4a826a943fa9bcfa9bebe)] -> xpath: //div[@class='border box padT20 ng-scope']/div/button[1]]
2020-12-09 13:12:624 INFO  AddCustomerPage :30 - Enter First Name [[ChromeDriver: chrome on WINDOWS (e3e0198464e4a826a943fa9bcfa9bebe)] -> xpath: //form[@name='myForm']/div[1]/input[1]]
2020-12-09 13:12:783 INFO  AddCustomerPage :37 - Enter Last Name [[ChromeDriver: chrome on WINDOWS (e3e0198464e4a826a943fa9bcfa9bebe)] -> xpath: //form[@name='myForm']/div[2]/input[1]]
2020-12-09 13:12:919 INFO  AddCustomerPage :44 - Enter Post Code [[ChromeDriver: chrome on WINDOWS (e3e0198464e4a826a943fa9bcfa9bebe)] -> xpath: //form[@name='myForm']/div[3]/input[1]]
2020-12-09 13:12:548 INFO  AddCustomerPage :21 - clicking on add customer link [[ChromeDriver: chrome on WINDOWS (3ce1b59a7770f6f67ae12746364ab539)] -> xpath: //div[@class='border box padT20 ng-scope']/div/button[1]]
2020-12-09 13:12:876 INFO  AddCustomerPage :30 - Enter First Name [[ChromeDriver: chrome on WINDOWS (3ce1b59a7770f6f67ae12746364ab539)] -> xpath: //form[@name='myForm']/div[1]/input[1]]
2020-12-09 13:12:969 INFO  AddCustomerPage :37 - Enter Last Name [[ChromeDriver: chrome on WINDOWS (3ce1b59a7770f6f67ae12746364ab539)] -> xpath: //form[@name='myForm']/div[2]/input[1]]
2020-12-09 13:12:73 INFO  AddCustomerPage :44 - Enter Post Code [[ChromeDriver: chrome on WINDOWS (3ce1b59a7770f6f67ae12746364ab539)] -> xpath: //form[@name='myForm']/div[3]/input[1]]
2020-12-09 13:12:91 INFO  AddCustomerPage :50 - clicking on add cutomer btn [[ChromeDriver: chrome on WINDOWS (3ce1b59a7770f6f67ae12746364ab539)] -> xpath: //form[@name='myForm']//button]
2020-12-09 13:12:438 INFO  AddCustomerPage :21 - clicking on add customer link [[ChromeDriver: chrome on WINDOWS (f092cc68447cf7a4b97f7e3232fbdb41)] -> xpath: //div[@class='border box padT20 ng-scope']/div/button[1]]
2020-12-09 13:12:750 INFO  AddCustomerPage :32 - Enter First Name [[ChromeDriver: chrome on WINDOWS (f092cc68447cf7a4b97f7e3232fbdb41)] -> xpath: //form[@name='myForm']/div[1]/input[1]]
2020-12-09 13:12:853 INFO  AddCustomerPage :39 - Enter Last Name [[ChromeDriver: chrome on WINDOWS (f092cc68447cf7a4b97f7e3232fbdb41)] -> xpath: //form[@name='myForm']/div[2]/input[1]]
2020-12-09 13:12:961 INFO  AddCustomerPage :46 - Enter Post Code [[ChromeDriver: chrome on WINDOWS (f092cc68447cf7a4b97f7e3232fbdb41)] -> xpath: //form[@name='myForm']/div[3]/input[1]]
2020-12-09 13:12:984 INFO  AddCustomerPage :52 - clicking on add cutomer btn [[ChromeDriver: chrome on WINDOWS (f092cc68447cf7a4b97f7e3232fbdb41)] -> xpath: //form[@name='myForm']//button]
2020-12-09 14:12:942 INFO  AddCustomerPage :21 - clicking on add customer link [[ChromeDriver: chrome on WINDOWS (455429bbf5e8d41dfa714b7573be6326)] -> xpath: //div[@class='border box padT20 ng-scope']/div/button[1]]
2020-12-09 14:12:273 INFO  AddCustomerPage :32 - Enter First Name [[ChromeDriver: chrome on WINDOWS (455429bbf5e8d41dfa714b7573be6326)] -> xpath: //form[@name='myForm']/div[1]/input[1]]
2020-12-09 14:12:387 INFO  AddCustomerPage :39 - Enter Last Name [[ChromeDriver: chrome on WINDOWS (455429bbf5e8d41dfa714b7573be6326)] -> xpath: //form[@name='myForm']/div[2]/input[1]]
2020-12-09 14:12:507 INFO  AddCustomerPage :46 - Enter Post Code [[ChromeDriver: chrome on WINDOWS (455429bbf5e8d41dfa714b7573be6326)] -> xpath: //form[@name='myForm']/div[3]/input[1]]
2020-12-09 14:12:534 INFO  AddCustomerPage :52 - clicking on add cutomer btn [[ChromeDriver: chrome on WINDOWS (455429bbf5e8d41dfa714b7573be6326)] -> xpath: //form[@name='myForm']//button]
2020-12-09 14:12:640 INFO  AddCustomerPage :27 - clicking on open account btn [[ChromeDriver: chrome on WINDOWS (455429bbf5e8d41dfa714b7573be6326)] -> xpath: //div[@class='border box padT20 ng-scope']/div/button[2]]
2020-12-09 14:12:245 INFO  AddCustomerPage :31 - clicking customer drop down [[ChromeDriver: chrome on WINDOWS (455429bbf5e8d41dfa714b7573be6326)] -> xpath: //select[@id='userSelect']]
2020-12-09 14:12:500 INFO  AddCustomerPage :39 - clicking Pound currency from drop down [[ChromeDriver: chrome on WINDOWS (455429bbf5e8d41dfa714b7573be6326)] -> xpath: //select[@id='currency']]
2020-12-09 14:12:97 INFO  AddCustomerPage :21 - clicking on add customer link [[ChromeDriver: chrome on WINDOWS (f991b94ca0b682d491f525cefff6a630)] -> xpath: //div[@class='border box padT20 ng-scope']/div/button[1]]
2020-12-09 14:12:432 INFO  AddCustomerPage :32 - Enter First Name [[ChromeDriver: chrome on WINDOWS (f991b94ca0b682d491f525cefff6a630)] -> xpath: //form[@name='myForm']/div[1]/input[1]]
2020-12-09 14:12:545 INFO  AddCustomerPage :39 - Enter Last Name [[ChromeDriver: chrome on WINDOWS (f991b94ca0b682d491f525cefff6a630)] -> xpath: //form[@name='myForm']/div[2]/input[1]]
2020-12-09 14:12:654 INFO  AddCustomerPage :46 - Enter Post Code [[ChromeDriver: chrome on WINDOWS (f991b94ca0b682d491f525cefff6a630)] -> xpath: //form[@name='myForm']/div[3]/input[1]]
2020-12-09 14:12:678 INFO  AddCustomerPage :52 - clicking on add cutomer btn [[ChromeDriver: chrome on WINDOWS (f991b94ca0b682d491f525cefff6a630)] -> xpath: //form[@name='myForm']//button]
2020-12-09 14:12:795 INFO  AddCustomerPage :27 - clicking on open account btn [[ChromeDriver: chrome on WINDOWS (f991b94ca0b682d491f525cefff6a630)] -> xpath: //div[@class='border box padT20 ng-scope']/div/button[2]]
2020-12-09 14:12:329 INFO  AddCustomerPage :31 - clicking customer drop down [[ChromeDriver: chrome on WINDOWS (f991b94ca0b682d491f525cefff6a630)] -> xpath: //select[@id='userSelect']]
2020-12-09 14:12:554 INFO  AddCustomerPage :39 - clicking Pound currency from drop down [[ChromeDriver: chrome on WINDOWS (f991b94ca0b682d491f525cefff6a630)] -> xpath: //select[@id='currency']]
2020-12-09 14:12:576 INFO  AddCustomerPage :45 - clicking on process btn [[ChromeDriver: chrome on WINDOWS (f991b94ca0b682d491f525cefff6a630)] -> xpath: //button[contains(text(),'Process')]]
2020-12-09 14:12:51 INFO  AddCustomerPage :21 - clicking on add customer link [[ChromeDriver: chrome on WINDOWS (4c2d3ee6ac16c3b15a0e9689010239ed)] -> xpath: //div[@class='border box padT20 ng-scope']/div/button[1]]
2020-12-09 14:12:370 INFO  AddCustomerPage :32 - Enter First Name [[ChromeDriver: chrome on WINDOWS (4c2d3ee6ac16c3b15a0e9689010239ed)] -> xpath: //form[@name='myForm']/div[1]/input[1]]
2020-12-09 14:12:482 INFO  AddCustomerPage :39 - Enter Last Name [[ChromeDriver: chrome on WINDOWS (4c2d3ee6ac16c3b15a0e9689010239ed)] -> xpath: //form[@name='myForm']/div[2]/input[1]]
2020-12-09 14:12:599 INFO  AddCustomerPage :46 - Enter Post Code [[ChromeDriver: chrome on WINDOWS (4c2d3ee6ac16c3b15a0e9689010239ed)] -> xpath: //form[@name='myForm']/div[3]/input[1]]
2020-12-09 14:12:624 INFO  AddCustomerPage :52 - clicking on add cutomer btn [[ChromeDriver: chrome on WINDOWS (4c2d3ee6ac16c3b15a0e9689010239ed)] -> xpath: //form[@name='myForm']//button]
2020-12-09 14:12:716 INFO  AddCustomerPage :27 - clicking on open account btn [[ChromeDriver: chrome on WINDOWS (4c2d3ee6ac16c3b15a0e9689010239ed)] -> xpath: //div[@class='border box padT20 ng-scope']/div/button[2]]
2020-12-09 14:12:318 INFO  AddCustomerPage :31 - clicking customer drop down [[ChromeDriver: chrome on WINDOWS (4c2d3ee6ac16c3b15a0e9689010239ed)] -> xpath: //select[@id='userSelect']]
2020-12-09 14:12:546 INFO  AddCustomerPage :39 - clicking Pound currency from drop down [[ChromeDriver: chrome on WINDOWS (4c2d3ee6ac16c3b15a0e9689010239ed)] -> xpath: //select[@id='currency']]
2020-12-09 14:12:568 INFO  AddCustomerPage :45 - clicking on process btn [[ChromeDriver: chrome on WINDOWS (4c2d3ee6ac16c3b15a0e9689010239ed)] -> xpath: //button[contains(text(),'Process')]]
2020-12-09 14:12:594 INFO  AddCustomerPage :21 - clicking on add customer link [[ChromeDriver: chrome on WINDOWS (baf7ac2bdf09e733a10e9596ce7b50fe)] -> xpath: //div[@class='border box padT20 ng-scope']/div/button[1]]
2020-12-09 14:12:907 INFO  AddCustomerPage :32 - Enter First Name [[ChromeDriver: chrome on WINDOWS (baf7ac2bdf09e733a10e9596ce7b50fe)] -> xpath: //form[@name='myForm']/div[1]/input[1]]
2020-12-09 14:12:23 INFO  AddCustomerPage :39 - Enter Last Name [[ChromeDriver: chrome on WINDOWS (baf7ac2bdf09e733a10e9596ce7b50fe)] -> xpath: //form[@name='myForm']/div[2]/input[1]]
2020-12-09 14:12:157 INFO  AddCustomerPage :46 - Enter Post Code [[ChromeDriver: chrome on WINDOWS (baf7ac2bdf09e733a10e9596ce7b50fe)] -> xpath: //form[@name='myForm']/div[3]/input[1]]
2020-12-09 14:12:183 INFO  AddCustomerPage :52 - clicking on add cutomer btn [[ChromeDriver: chrome on WINDOWS (baf7ac2bdf09e733a10e9596ce7b50fe)] -> xpath: //form[@name='myForm']//button]
2020-12-09 14:12:334 INFO  AddCustomerPage :34 - clicking on home btn [[ChromeDriver: chrome on WINDOWS (baf7ac2bdf09e733a10e9596ce7b50fe)] -> xpath: //button[contains(text(),'Home')]]
2020-12-09 14:12:415 INFO  AddCustomerPage :24 - clicking on customer login link [[ChromeDriver: chrome on WINDOWS (baf7ac2bdf09e733a10e9596ce7b50fe)] -> xpath: //button[contains(text(),'Customer Login')]]
2020-12-09 14:12:954 INFO  AddCustomerPage :31 - clicking customer drop down [[ChromeDriver: chrome on WINDOWS (baf7ac2bdf09e733a10e9596ce7b50fe)] -> xpath: //select[@id='userSelect']]
2020-12-09 14:12:33 INFO  AddCustomerPage :30 - clicking on login btn [[ChromeDriver: chrome on WINDOWS (baf7ac2bdf09e733a10e9596ce7b50fe)] -> xpath: //button[contains(text(),'Login')]]
2020-12-09 14:12:59 INFO  AddCustomerPage :55 - verification of logout btn [[ChromeDriver: chrome on WINDOWS (baf7ac2bdf09e733a10e9596ce7b50fe)] -> xpath: //button[contains(text(),'Logout')]]
2020-12-09 14:12:740 INFO  AddCustomerPage :21 - clicking on add customer link [[ChromeDriver: chrome on WINDOWS (77f5067387d34108900430c8ef3a37ef)] -> xpath: //div[@class='border box padT20 ng-scope']/div/button[1]]
2020-12-09 14:12:115 INFO  AddCustomerPage :32 - Enter First Name [[ChromeDriver: chrome on WINDOWS (77f5067387d34108900430c8ef3a37ef)] -> xpath: //form[@name='myForm']/div[1]/input[1]]
2020-12-09 14:12:247 INFO  AddCustomerPage :39 - Enter Last Name [[ChromeDriver: chrome on WINDOWS (77f5067387d34108900430c8ef3a37ef)] -> xpath: //form[@name='myForm']/div[2]/input[1]]
2020-12-09 14:12:363 INFO  AddCustomerPage :46 - Enter Post Code [[ChromeDriver: chrome on WINDOWS (77f5067387d34108900430c8ef3a37ef)] -> xpath: //form[@name='myForm']/div[3]/input[1]]
2020-12-09 14:12:386 INFO  AddCustomerPage :52 - clicking on add cutomer btn [[ChromeDriver: chrome on WINDOWS (77f5067387d34108900430c8ef3a37ef)] -> xpath: //form[@name='myForm']//button]
2020-12-09 14:12:543 INFO  AddCustomerPage :35 - clicking on home btn [[ChromeDriver: chrome on WINDOWS (77f5067387d34108900430c8ef3a37ef)] -> xpath: //button[contains(text(),'Home')]]
2020-12-09 14:12:616 INFO  AddCustomerPage :24 - clicking on customer login link [[ChromeDriver: chrome on WINDOWS (77f5067387d34108900430c8ef3a37ef)] -> xpath: //button[contains(text(),'Customer Login')]]
2020-12-09 14:12:93 INFO  AddCustomerPage :31 - clicking customer drop down [[ChromeDriver: chrome on WINDOWS (77f5067387d34108900430c8ef3a37ef)] -> xpath: //select[@id='userSelect']]
2020-12-09 14:12:179 INFO  AddCustomerPage :30 - clicking on login btn [[ChromeDriver: chrome on WINDOWS (77f5067387d34108900430c8ef3a37ef)] -> xpath: //button[contains(text(),'Login')]]
2020-12-09 14:12:203 INFO  AddCustomerPage :57 - verification of logout btn [[ChromeDriver: chrome on WINDOWS (77f5067387d34108900430c8ef3a37ef)] -> xpath: //button[contains(text(),'Logout')]]
2020-12-09 14:12:743 INFO  AddCustomerPage :21 - clicking on add customer link [[ChromeDriver: chrome on WINDOWS (28db74fa36bc4d11ccc408dbc5958d06)] -> xpath: //div[@class='border box padT20 ng-scope']/div/button[1]]
2020-12-09 14:12:59 INFO  AddCustomerPage :32 - Enter First Name [[ChromeDriver: chrome on WINDOWS (28db74fa36bc4d11ccc408dbc5958d06)] -> xpath: //form[@name='myForm']/div[1]/input[1]]
2020-12-09 14:12:163 INFO  AddCustomerPage :39 - Enter Last Name [[ChromeDriver: chrome on WINDOWS (28db74fa36bc4d11ccc408dbc5958d06)] -> xpath: //form[@name='myForm']/div[2]/input[1]]
2020-12-09 14:12:298 INFO  AddCustomerPage :46 - Enter Post Code [[ChromeDriver: chrome on WINDOWS (28db74fa36bc4d11ccc408dbc5958d06)] -> xpath: //form[@name='myForm']/div[3]/input[1]]
2020-12-09 14:12:328 INFO  AddCustomerPage :52 - clicking on add cutomer btn [[ChromeDriver: chrome on WINDOWS (28db74fa36bc4d11ccc408dbc5958d06)] -> xpath: //form[@name='myForm']//button]
2020-12-09 14:12:491 INFO  AddCustomerPage :35 - clicking on home btn [[ChromeDriver: chrome on WINDOWS (28db74fa36bc4d11ccc408dbc5958d06)] -> xpath: //button[contains(text(),'Home')]]
2020-12-09 14:12:569 INFO  AddCustomerPage :24 - clicking on customer login link [[ChromeDriver: chrome on WINDOWS (28db74fa36bc4d11ccc408dbc5958d06)] -> xpath: //button[contains(text(),'Customer Login')]]
2020-12-09 14:12:52 INFO  AddCustomerPage :31 - clicking customer drop down [[ChromeDriver: chrome on WINDOWS (28db74fa36bc4d11ccc408dbc5958d06)] -> xpath: //select[@id='userSelect']]
2020-12-09 14:12:129 INFO  AddCustomerPage :30 - clicking on login btn [[ChromeDriver: chrome on WINDOWS (28db74fa36bc4d11ccc408dbc5958d06)] -> xpath: //button[contains(text(),'Login')]]
2020-12-09 14:12:155 INFO  AddCustomerPage :57 - verification of logout btn [[ChromeDriver: chrome on WINDOWS (28db74fa36bc4d11ccc408dbc5958d06)] -> xpath: //button[contains(text(),'Logout')]]
2020-12-09 14:12:814 INFO  AddCustomerPage :21 - clicking on add customer link [[ChromeDriver: chrome on WINDOWS (5f6b3c6f2ec2d859e684331860372508)] -> xpath: //div[@class='border box padT20 ng-scope']/div/button[1]]
2020-12-09 14:12:154 INFO  AddCustomerPage :32 - Enter First Name [[ChromeDriver: chrome on WINDOWS (5f6b3c6f2ec2d859e684331860372508)] -> xpath: //form[@name='myForm']/div[1]/input[1]]
2020-12-09 14:12:267 INFO  AddCustomerPage :39 - Enter Last Name [[ChromeDriver: chrome on WINDOWS (5f6b3c6f2ec2d859e684331860372508)] -> xpath: //form[@name='myForm']/div[2]/input[1]]
2020-12-09 14:12:384 INFO  AddCustomerPage :46 - Enter Post Code [[ChromeDriver: chrome on WINDOWS (5f6b3c6f2ec2d859e684331860372508)] -> xpath: //form[@name='myForm']/div[3]/input[1]]
2020-12-09 14:12:411 INFO  AddCustomerPage :52 - clicking on add cutomer btn [[ChromeDriver: chrome on WINDOWS (5f6b3c6f2ec2d859e684331860372508)] -> xpath: //form[@name='myForm']//button]
2020-12-09 14:12:563 INFO  AddCustomerPage :35 - clicking on home btn [[ChromeDriver: chrome on WINDOWS (5f6b3c6f2ec2d859e684331860372508)] -> xpath: //button[contains(text(),'Home')]]
2020-12-09 14:12:640 INFO  AddCustomerPage :24 - clicking on customer login link [[ChromeDriver: chrome on WINDOWS (5f6b3c6f2ec2d859e684331860372508)] -> xpath: //button[contains(text(),'Customer Login')]]
2020-12-09 14:12:138 INFO  AddCustomerPage :31 - clicking customer drop down [[ChromeDriver: chrome on WINDOWS (5f6b3c6f2ec2d859e684331860372508)] -> xpath: //select[@id='userSelect']]
2020-12-09 14:12:221 INFO  AddCustomerPage :30 - clicking on login btn [[ChromeDriver: chrome on WINDOWS (5f6b3c6f2ec2d859e684331860372508)] -> xpath: //button[contains(text(),'Login')]]
2020-12-09 14:12:243 INFO  AddCustomerPage :57 - verification of logout btn [[ChromeDriver: chrome on WINDOWS (5f6b3c6f2ec2d859e684331860372508)] -> xpath: //button[contains(text(),'Logout')]]
2020-12-09 14:12:570 INFO  AddCustomerPage :21 - clicking on add customer link [[ChromeDriver: chrome on WINDOWS (0a2ae0f4143c3b63c4d702d8277d8d1b)] -> xpath: //div[@class='border box padT20 ng-scope']/div/button[1]]
2020-12-09 14:12:890 INFO  AddCustomerPage :32 - Enter First Name [[ChromeDriver: chrome on WINDOWS (0a2ae0f4143c3b63c4d702d8277d8d1b)] -> xpath: //form[@name='myForm']/div[1]/input[1]]
2020-12-09 14:12:12 INFO  AddCustomerPage :39 - Enter Last Name [[ChromeDriver: chrome on WINDOWS (0a2ae0f4143c3b63c4d702d8277d8d1b)] -> xpath: //form[@name='myForm']/div[2]/input[1]]
2020-12-09 14:12:145 INFO  AddCustomerPage :46 - Enter Post Code [[ChromeDriver: chrome on WINDOWS (0a2ae0f4143c3b63c4d702d8277d8d1b)] -> xpath: //form[@name='myForm']/div[3]/input[1]]
2020-12-09 14:12:176 INFO  AddCustomerPage :52 - clicking on add cutomer btn [[ChromeDriver: chrome on WINDOWS (0a2ae0f4143c3b63c4d702d8277d8d1b)] -> xpath: //form[@name='myForm']//button]
2020-12-09 14:12:350 INFO  AddCustomerPage :34 - clicking on home btn [[ChromeDriver: chrome on WINDOWS (0a2ae0f4143c3b63c4d702d8277d8d1b)] -> xpath: //button[contains(text(),'Home')]]
2020-12-09 14:12:430 INFO  AddCustomerPage :24 - clicking on customer login link [[ChromeDriver: chrome on WINDOWS (0a2ae0f4143c3b63c4d702d8277d8d1b)] -> xpath: //button[contains(text(),'Customer Login')]]
2020-12-09 14:12:926 INFO  AddCustomerPage :31 - clicking customer drop down [[ChromeDriver: chrome on WINDOWS (0a2ae0f4143c3b63c4d702d8277d8d1b)] -> xpath: //select[@id='userSelect']]
2020-12-09 14:12:13 INFO  AddCustomerPage :30 - clicking on login btn [[ChromeDriver: chrome on WINDOWS (0a2ae0f4143c3b63c4d702d8277d8d1b)] -> xpath: //button[contains(text(),'Login')]]
2020-12-09 14:12:40 INFO  AddCustomerPage :56 - verification of logout btn [[ChromeDriver: chrome on WINDOWS (0a2ae0f4143c3b63c4d702d8277d8d1b)] -> xpath: //button[contains(text(),'Logout')]]
2020-12-09 14:12:190 INFO  AddCustomerPage :21 - clicking on add customer link [[ChromeDriver: chrome on WINDOWS (98497b0a41ae1f50f316522b83847736)] -> xpath: //div[@class='border box padT20 ng-scope']/div/button[1]]
2020-12-09 14:12:520 INFO  AddCustomerPage :32 - Enter First Name [[ChromeDriver: chrome on WINDOWS (98497b0a41ae1f50f316522b83847736)] -> xpath: //form[@name='myForm']/div[1]/input[1]]
2020-12-09 14:12:635 INFO  AddCustomerPage :39 - Enter Last Name [[ChromeDriver: chrome on WINDOWS (98497b0a41ae1f50f316522b83847736)] -> xpath: //form[@name='myForm']/div[2]/input[1]]
2020-12-09 14:12:751 INFO  AddCustomerPage :46 - Enter Post Code [[ChromeDriver: chrome on WINDOWS (98497b0a41ae1f50f316522b83847736)] -> xpath: //form[@name='myForm']/div[3]/input[1]]
2020-12-09 14:12:775 INFO  AddCustomerPage :52 - clicking on add cutomer btn [[ChromeDriver: chrome on WINDOWS (98497b0a41ae1f50f316522b83847736)] -> xpath: //form[@name='myForm']//button]
2020-12-09 14:12:936 INFO  AddCustomerPage :34 - clicking on home btn [[ChromeDriver: chrome on WINDOWS (98497b0a41ae1f50f316522b83847736)] -> xpath: //button[contains(text(),'Home')]]
2020-12-09 14:12:25 INFO  AddCustomerPage :24 - clicking on customer login link [[ChromeDriver: chrome on WINDOWS (98497b0a41ae1f50f316522b83847736)] -> xpath: //button[contains(text(),'Customer Login')]]
2020-12-09 14:12:521 INFO  AddCustomerPage :31 - clicking customer drop down [[ChromeDriver: chrome on WINDOWS (98497b0a41ae1f50f316522b83847736)] -> xpath: //select[@id='userSelect']]
2020-12-09 14:12:595 INFO  AddCustomerPage :30 - clicking on login btn [[ChromeDriver: chrome on WINDOWS (98497b0a41ae1f50f316522b83847736)] -> xpath: //button[contains(text(),'Login')]]
2020-12-09 14:12:618 INFO  AddCustomerPage :56 - verification of logout btn [[ChromeDriver: chrome on WINDOWS (98497b0a41ae1f50f316522b83847736)] -> xpath: //button[contains(text(),'Logout')]]
2020-12-09 14:12:459 INFO  AddCustomerPage :21 - clicking on add customer link [[ChromeDriver: chrome on WINDOWS (e8012a21d152222e06968356618f2aa9)] -> xpath: //div[@class='border box padT20 ng-scope']/div/button[1]]
2020-12-09 14:12:821 INFO  AddCustomerPage :32 - Enter First Name [[ChromeDriver: chrome on WINDOWS (e8012a21d152222e06968356618f2aa9)] -> xpath: //form[@name='myForm']/div[1]/input[1]]
2020-12-09 14:12:929 INFO  AddCustomerPage :39 - Enter Last Name [[ChromeDriver: chrome on WINDOWS (e8012a21d152222e06968356618f2aa9)] -> xpath: //form[@name='myForm']/div[2]/input[1]]
2020-12-09 14:12:65 INFO  AddCustomerPage :46 - Enter Post Code [[ChromeDriver: chrome on WINDOWS (e8012a21d152222e06968356618f2aa9)] -> xpath: //form[@name='myForm']/div[3]/input[1]]
2020-12-09 14:12:91 INFO  AddCustomerPage :52 - clicking on add cutomer btn [[ChromeDriver: chrome on WINDOWS (e8012a21d152222e06968356618f2aa9)] -> xpath: //form[@name='myForm']//button]
2020-12-09 14:12:250 INFO  AddCustomerPage :34 - clicking on home btn [[ChromeDriver: chrome on WINDOWS (e8012a21d152222e06968356618f2aa9)] -> xpath: //button[contains(text(),'Home')]]
2020-12-09 14:12:327 INFO  AddCustomerPage :24 - clicking on customer login link [[ChromeDriver: chrome on WINDOWS (e8012a21d152222e06968356618f2aa9)] -> xpath: //button[contains(text(),'Customer Login')]]
2020-12-09 14:12:797 INFO  AddCustomerPage :31 - clicking customer drop down [[ChromeDriver: chrome on WINDOWS (e8012a21d152222e06968356618f2aa9)] -> xpath: //select[@id='userSelect']]
2020-12-09 14:12:867 INFO  AddCustomerPage :30 - clicking on login btn [[ChromeDriver: chrome on WINDOWS (e8012a21d152222e06968356618f2aa9)] -> xpath: //button[contains(text(),'Login')]]
2020-12-09 14:12:888 INFO  AddCustomerPage :56 - verification of logout btn [[ChromeDriver: chrome on WINDOWS (e8012a21d152222e06968356618f2aa9)] -> xpath: //button[contains(text(),'Logout')]]
2020-12-09 14:12:123 INFO  AddCustomerPage :21 - clicking on add customer link [[ChromeDriver: chrome on WINDOWS (4fbd7989d6a8181bf17ea56402c38742)] -> xpath: //div[@class='border box padT20 ng-scope']/div/button[1]]
2020-12-09 14:12:498 INFO  AddCustomerPage :32 - Enter First Name [[ChromeDriver: chrome on WINDOWS (4fbd7989d6a8181bf17ea56402c38742)] -> xpath: //form[@name='myForm']/div[1]/input[1]]
2020-12-09 14:12:616 INFO  AddCustomerPage :39 - Enter Last Name [[ChromeDriver: chrome on WINDOWS (4fbd7989d6a8181bf17ea56402c38742)] -> xpath: //form[@name='myForm']/div[2]/input[1]]
2020-12-09 14:12:734 INFO  AddCustomerPage :46 - Enter Post Code [[ChromeDriver: chrome on WINDOWS (4fbd7989d6a8181bf17ea56402c38742)] -> xpath: //form[@name='myForm']/div[3]/input[1]]
2020-12-09 14:12:762 INFO  AddCustomerPage :52 - clicking on add cutomer btn [[ChromeDriver: chrome on WINDOWS (4fbd7989d6a8181bf17ea56402c38742)] -> xpath: //form[@name='myForm']//button]
2020-12-09 14:12:920 INFO  AddCustomerPage :34 - clicking on home btn [[ChromeDriver: chrome on WINDOWS (4fbd7989d6a8181bf17ea56402c38742)] -> xpath: //button[contains(text(),'Home')]]
2020-12-09 14:12:03 INFO  AddCustomerPage :24 - clicking on customer login link [[ChromeDriver: chrome on WINDOWS (4fbd7989d6a8181bf17ea56402c38742)] -> xpath: //button[contains(text(),'Customer Login')]]
2020-12-09 14:12:498 INFO  AddCustomerPage :31 - clicking customer drop down [[ChromeDriver: chrome on WINDOWS (4fbd7989d6a8181bf17ea56402c38742)] -> xpath: //select[@id='userSelect']]
2020-12-09 14:12:569 INFO  AddCustomerPage :30 - clicking on login btn [[ChromeDriver: chrome on WINDOWS (4fbd7989d6a8181bf17ea56402c38742)] -> xpath: //button[contains(text(),'Login')]]
2020-12-09 14:12:597 INFO  AddCustomerPage :61 - verification of logout btn [[ChromeDriver: chrome on WINDOWS (4fbd7989d6a8181bf17ea56402c38742)] -> xpath: //button[contains(text(),'Logout')]]
2020-12-09 14:12:348 INFO  AddCustomerPage :21 - clicking on add customer link [[ChromeDriver: chrome on WINDOWS (7fc9d342eae879b4019ac0049a09f09f)] -> xpath: //div[@class='border box padT20 ng-scope']/div/button[1]]
2020-12-09 14:12:733 INFO  AddCustomerPage :32 - Enter First Name [[ChromeDriver: chrome on WINDOWS (7fc9d342eae879b4019ac0049a09f09f)] -> xpath: //form[@name='myForm']/div[1]/input[1]]
2020-12-09 14:12:852 INFO  AddCustomerPage :39 - Enter Last Name [[ChromeDriver: chrome on WINDOWS (7fc9d342eae879b4019ac0049a09f09f)] -> xpath: //form[@name='myForm']/div[2]/input[1]]
2020-12-09 14:12:982 INFO  AddCustomerPage :46 - Enter Post Code [[ChromeDriver: chrome on WINDOWS (7fc9d342eae879b4019ac0049a09f09f)] -> xpath: //form[@name='myForm']/div[3]/input[1]]
2020-12-09 14:12:08 INFO  AddCustomerPage :52 - clicking on add cutomer btn [[ChromeDriver: chrome on WINDOWS (7fc9d342eae879b4019ac0049a09f09f)] -> xpath: //form[@name='myForm']//button]
2020-12-09 14:12:172 INFO  AddCustomerPage :34 - clicking on home btn [[ChromeDriver: chrome on WINDOWS (7fc9d342eae879b4019ac0049a09f09f)] -> xpath: //button[contains(text(),'Home')]]
2020-12-09 14:12:247 INFO  AddCustomerPage :24 - clicking on customer login link [[ChromeDriver: chrome on WINDOWS (7fc9d342eae879b4019ac0049a09f09f)] -> xpath: //button[contains(text(),'Customer Login')]]
2020-12-09 14:12:740 INFO  AddCustomerPage :31 - clicking customer drop down [[ChromeDriver: chrome on WINDOWS (7fc9d342eae879b4019ac0049a09f09f)] -> xpath: //select[@id='userSelect']]
2020-12-09 14:12:813 INFO  AddCustomerPage :30 - clicking on login btn [[ChromeDriver: chrome on WINDOWS (7fc9d342eae879b4019ac0049a09f09f)] -> xpath: //button[contains(text(),'Login')]]
2020-12-09 14:12:838 INFO  AddCustomerPage :61 - verification of logout btn [[ChromeDriver: chrome on WINDOWS (7fc9d342eae879b4019ac0049a09f09f)] -> xpath: //button[contains(text(),'Logout')]]
2020-12-09 14:12:950 INFO  AddCustomerPage :21 - clicking on add customer link [[ChromeDriver: chrome on WINDOWS (5e092d403d9d2b7753cf4fe4ca198a9d)] -> xpath: //div[@class='border box padT20 ng-scope']/div/button[1]]
2020-12-09 14:12:282 INFO  AddCustomerPage :32 - Enter First Name [[ChromeDriver: chrome on WINDOWS (5e092d403d9d2b7753cf4fe4ca198a9d)] -> xpath: //form[@name='myForm']/div[1]/input[1]]
2020-12-09 14:12:402 INFO  AddCustomerPage :39 - Enter Last Name [[ChromeDriver: chrome on WINDOWS (5e092d403d9d2b7753cf4fe4ca198a9d)] -> xpath: //form[@name='myForm']/div[2]/input[1]]
2020-12-09 14:12:530 INFO  AddCustomerPage :46 - Enter Post Code [[ChromeDriver: chrome on WINDOWS (5e092d403d9d2b7753cf4fe4ca198a9d)] -> xpath: //form[@name='myForm']/div[3]/input[1]]
2020-12-09 14:12:556 INFO  AddCustomerPage :52 - clicking on add cutomer btn [[ChromeDriver: chrome on WINDOWS (5e092d403d9d2b7753cf4fe4ca198a9d)] -> xpath: //form[@name='myForm']//button]
2020-12-09 14:12:714 INFO  AddCustomerPage :34 - clicking on home btn [[ChromeDriver: chrome on WINDOWS (5e092d403d9d2b7753cf4fe4ca198a9d)] -> xpath: //button[contains(text(),'Home')]]
2020-12-09 14:12:793 INFO  AddCustomerPage :24 - clicking on customer login link [[ChromeDriver: chrome on WINDOWS (5e092d403d9d2b7753cf4fe4ca198a9d)] -> xpath: //button[contains(text(),'Customer Login')]]
2020-12-09 14:12:236 INFO  AddCustomerPage :31 - clicking customer drop down [[ChromeDriver: chrome on WINDOWS (5e092d403d9d2b7753cf4fe4ca198a9d)] -> xpath: //select[@id='userSelect']]
2020-12-09 14:12:306 INFO  AddCustomerPage :30 - clicking on login btn [[ChromeDriver: chrome on WINDOWS (5e092d403d9d2b7753cf4fe4ca198a9d)] -> xpath: //button[contains(text(),'Login')]]
2020-12-09 14:12:331 INFO  AddCustomerPage :61 - verification of logout btn [[ChromeDriver: chrome on WINDOWS (5e092d403d9d2b7753cf4fe4ca198a9d)] -> xpath: //button[contains(text(),'Logout')]]
2020-12-09 14:12:792 INFO  AddCustomerPage :21 - clicking on add customer link [[ChromeDriver: chrome on WINDOWS (1381837ead0b7e7985eb0754940c0faa)] -> xpath: //div[@class='border box padT20 ng-scope']/div/button[1]]
2020-12-09 14:12:137 INFO  AddCustomerPage :32 - Enter First Name [[ChromeDriver: chrome on WINDOWS (1381837ead0b7e7985eb0754940c0faa)] -> xpath: //form[@name='myForm']/div[1]/input[1]]
2020-12-09 14:12:258 INFO  AddCustomerPage :39 - Enter Last Name [[ChromeDriver: chrome on WINDOWS (1381837ead0b7e7985eb0754940c0faa)] -> xpath: //form[@name='myForm']/div[2]/input[1]]
2020-12-09 14:12:376 INFO  AddCustomerPage :46 - Enter Post Code [[ChromeDriver: chrome on WINDOWS (1381837ead0b7e7985eb0754940c0faa)] -> xpath: //form[@name='myForm']/div[3]/input[1]]
2020-12-09 14:12:399 INFO  AddCustomerPage :52 - clicking on add cutomer btn [[ChromeDriver: chrome on WINDOWS (1381837ead0b7e7985eb0754940c0faa)] -> xpath: //form[@name='myForm']//button]
2020-12-09 14:12:559 INFO  AddCustomerPage :34 - clicking on home btn [[ChromeDriver: chrome on WINDOWS (1381837ead0b7e7985eb0754940c0faa)] -> xpath: //button[contains(text(),'Home')]]
2020-12-09 14:12:635 INFO  AddCustomerPage :24 - clicking on customer login link [[ChromeDriver: chrome on WINDOWS (1381837ead0b7e7985eb0754940c0faa)] -> xpath: //button[contains(text(),'Customer Login')]]
2020-12-09 14:12:714 INFO  AddCustomerPage :31 - clicking customer drop down [[ChromeDriver: chrome on WINDOWS (1381837ead0b7e7985eb0754940c0faa)] -> xpath: //select[@id='userSelect']]
2020-12-09 14:12:786 INFO  AddCustomerPage :30 - clicking on login btn [[ChromeDriver: chrome on WINDOWS (1381837ead0b7e7985eb0754940c0faa)] -> xpath: //button[contains(text(),'Login')]]
2020-12-09 14:12:809 INFO  AddCustomerPage :66 - verification of logout btn [[ChromeDriver: chrome on WINDOWS (1381837ead0b7e7985eb0754940c0faa)] -> xpath: //button[contains(text(),'Logout')]]
2020-12-09 14:12:825 INFO  AddCustomerPage :21 - clicking on add customer link [[ChromeDriver: chrome on WINDOWS (9049abb2a6fe6cd38251371af38909eb)] -> xpath: //div[@class='border box padT20 ng-scope']/div/button[1]]
2020-12-09 14:12:157 INFO  AddCustomerPage :32 - Enter First Name [[ChromeDriver: chrome on WINDOWS (9049abb2a6fe6cd38251371af38909eb)] -> xpath: //form[@name='myForm']/div[1]/input[1]]
2020-12-09 14:12:263 INFO  AddCustomerPage :39 - Enter Last Name [[ChromeDriver: chrome on WINDOWS (9049abb2a6fe6cd38251371af38909eb)] -> xpath: //form[@name='myForm']/div[2]/input[1]]
2020-12-09 14:12:374 INFO  AddCustomerPage :46 - Enter Post Code [[ChromeDriver: chrome on WINDOWS (9049abb2a6fe6cd38251371af38909eb)] -> xpath: //form[@name='myForm']/div[3]/input[1]]
2020-12-09 14:12:400 INFO  AddCustomerPage :52 - clicking on add cutomer btn [[ChromeDriver: chrome on WINDOWS (9049abb2a6fe6cd38251371af38909eb)] -> xpath: //form[@name='myForm']//button]
2020-12-09 14:12:539 INFO  AddCustomerPage :34 - clicking on home btn [[ChromeDriver: chrome on WINDOWS (9049abb2a6fe6cd38251371af38909eb)] -> xpath: //button[contains(text(),'Home')]]
2020-12-09 14:12:616 INFO  AddCustomerPage :24 - clicking on customer login link [[ChromeDriver: chrome on WINDOWS (9049abb2a6fe6cd38251371af38909eb)] -> xpath: //button[contains(text(),'Customer Login')]]
2020-12-09 14:12:96 INFO  AddCustomerPage :31 - clicking customer drop down [[ChromeDriver: chrome on WINDOWS (9049abb2a6fe6cd38251371af38909eb)] -> xpath: //select[@id='userSelect']]
2020-12-09 14:12:178 INFO  AddCustomerPage :30 - clicking on login btn [[ChromeDriver: chrome on WINDOWS (9049abb2a6fe6cd38251371af38909eb)] -> xpath: //button[contains(text(),'Login')]]
2020-12-09 14:12:203 INFO  AddCustomerPage :66 - verification of logout btn [[ChromeDriver: chrome on WINDOWS (9049abb2a6fe6cd38251371af38909eb)] -> xpath: //button[contains(text(),'Logout')]]
2020-12-09 14:12:980 INFO  AddCustomerPage :21 - clicking on add customer link [[ChromeDriver: chrome on WINDOWS (9215fd3b55a47f2a28eeebb013a59991)] -> xpath: //div[@class='border box padT20 ng-scope']/div/button[1]]
2020-12-09 14:12:300 INFO  AddCustomerPage :32 - Enter First Name [[ChromeDriver: chrome on WINDOWS (9215fd3b55a47f2a28eeebb013a59991)] -> xpath: //form[@name='myForm']/div[1]/input[1]]
2020-12-09 14:12:412 INFO  AddCustomerPage :39 - Enter Last Name [[ChromeDriver: chrome on WINDOWS (9215fd3b55a47f2a28eeebb013a59991)] -> xpath: //form[@name='myForm']/div[2]/input[1]]
2020-12-09 14:12:532 INFO  AddCustomerPage :46 - Enter Post Code [[ChromeDriver: chrome on WINDOWS (9215fd3b55a47f2a28eeebb013a59991)] -> xpath: //form[@name='myForm']/div[3]/input[1]]
2020-12-09 14:12:558 INFO  AddCustomerPage :52 - clicking on add cutomer btn [[ChromeDriver: chrome on WINDOWS (9215fd3b55a47f2a28eeebb013a59991)] -> xpath: //form[@name='myForm']//button]
2020-12-09 14:12:723 INFO  AddCustomerPage :34 - clicking on home btn [[ChromeDriver: chrome on WINDOWS (9215fd3b55a47f2a28eeebb013a59991)] -> xpath: //button[contains(text(),'Home')]]
2020-12-09 14:12:823 INFO  AddCustomerPage :24 - clicking on customer login link [[ChromeDriver: chrome on WINDOWS (9215fd3b55a47f2a28eeebb013a59991)] -> xpath: //button[contains(text(),'Customer Login')]]
2020-12-09 14:12:277 INFO  AddCustomerPage :31 - clicking customer drop down [[ChromeDriver: chrome on WINDOWS (9215fd3b55a47f2a28eeebb013a59991)] -> xpath: //select[@id='userSelect']]
2020-12-09 14:12:351 INFO  AddCustomerPage :30 - clicking on login btn [[ChromeDriver: chrome on WINDOWS (9215fd3b55a47f2a28eeebb013a59991)] -> xpath: //button[contains(text(),'Login')]]
2020-12-09 14:12:372 INFO  AddCustomerPage :66 - verification of logout btn [[ChromeDriver: chrome on WINDOWS (9215fd3b55a47f2a28eeebb013a59991)] -> xpath: //button[contains(text(),'Logout')]]
2020-12-09 14:12:317 INFO  AddCustomerPage :21 - clicking on add customer link [[ChromeDriver: chrome on WINDOWS (a0e507623b677776394ea5ec2dbe8aae)] -> xpath: //div[@class='border box padT20 ng-scope']/div/button[1]]
2020-12-09 14:12:660 INFO  AddCustomerPage :32 - Enter First Name [[ChromeDriver: chrome on WINDOWS (a0e507623b677776394ea5ec2dbe8aae)] -> xpath: //form[@name='myForm']/div[1]/input[1]]
2020-12-09 14:12:779 INFO  AddCustomerPage :39 - Enter Last Name [[ChromeDriver: chrome on WINDOWS (a0e507623b677776394ea5ec2dbe8aae)] -> xpath: //form[@name='myForm']/div[2]/input[1]]
2020-12-09 14:12:909 INFO  AddCustomerPage :46 - Enter Post Code [[ChromeDriver: chrome on WINDOWS (a0e507623b677776394ea5ec2dbe8aae)] -> xpath: //form[@name='myForm']/div[3]/input[1]]
2020-12-09 14:12:936 INFO  AddCustomerPage :52 - clicking on add cutomer btn [[ChromeDriver: chrome on WINDOWS (a0e507623b677776394ea5ec2dbe8aae)] -> xpath: //form[@name='myForm']//button]
2020-12-09 14:12:105 INFO  AddCustomerPage :34 - clicking on home btn [[ChromeDriver: chrome on WINDOWS (a0e507623b677776394ea5ec2dbe8aae)] -> xpath: //button[contains(text(),'Home')]]
2020-12-09 14:12:185 INFO  AddCustomerPage :24 - clicking on customer login link [[ChromeDriver: chrome on WINDOWS (a0e507623b677776394ea5ec2dbe8aae)] -> xpath: //button[contains(text(),'Customer Login')]]
2020-12-09 14:12:700 INFO  AddCustomerPage :31 - clicking customer drop down [[ChromeDriver: chrome on WINDOWS (a0e507623b677776394ea5ec2dbe8aae)] -> xpath: //select[@id='userSelect']]
2020-12-09 14:12:776 INFO  AddCustomerPage :30 - clicking on login btn [[ChromeDriver: chrome on WINDOWS (a0e507623b677776394ea5ec2dbe8aae)] -> xpath: //button[contains(text(),'Login')]]
2020-12-09 14:12:802 INFO  AddCustomerPage :66 - verification of logout btn [[ChromeDriver: chrome on WINDOWS (a0e507623b677776394ea5ec2dbe8aae)] -> xpath: //button[contains(text(),'Logout')]]
2020-12-09 14:12:869 INFO  AddCustomerPage :58 - clicking on logout btn [[ChromeDriver: chrome on WINDOWS (a0e507623b677776394ea5ec2dbe8aae)] -> xpath: //button[contains(text(),'Logout')]]
2020-12-09 14:12:160 INFO  AddCustomerPage :21 - clicking on add customer link [[ChromeDriver: chrome on WINDOWS (d7912d885d61acc06246dfe873e57a77)] -> xpath: //div[@class='border box padT20 ng-scope']/div/button[1]]
2020-12-09 14:12:544 INFO  AddCustomerPage :32 - Enter First Name [[ChromeDriver: chrome on WINDOWS (d7912d885d61acc06246dfe873e57a77)] -> xpath: //form[@name='myForm']/div[1]/input[1]]
2020-12-09 14:12:669 INFO  AddCustomerPage :39 - Enter Last Name [[ChromeDriver: chrome on WINDOWS (d7912d885d61acc06246dfe873e57a77)] -> xpath: //form[@name='myForm']/div[2]/input[1]]
2020-12-09 14:12:789 INFO  AddCustomerPage :46 - Enter Post Code [[ChromeDriver: chrome on WINDOWS (d7912d885d61acc06246dfe873e57a77)] -> xpath: //form[@name='myForm']/div[3]/input[1]]
2020-12-09 14:12:813 INFO  AddCustomerPage :52 - clicking on add cutomer btn [[ChromeDriver: chrome on WINDOWS (d7912d885d61acc06246dfe873e57a77)] -> xpath: //form[@name='myForm']//button]
2020-12-09 14:12:920 INFO  AddCustomerPage :27 - clicking on open account btn [[ChromeDriver: chrome on WINDOWS (d7912d885d61acc06246dfe873e57a77)] -> xpath: //div[@class='border box padT20 ng-scope']/div/button[2]]
2020-12-09 14:12:530 INFO  AddCustomerPage :31 - clicking customer drop down [[ChromeDriver: chrome on WINDOWS (d7912d885d61acc06246dfe873e57a77)] -> xpath: //select[@id='userSelect']]
2020-12-09 14:12:780 INFO  AddCustomerPage :39 - clicking Pound currency from drop down [[ChromeDriver: chrome on WINDOWS (d7912d885d61acc06246dfe873e57a77)] -> xpath: //select[@id='currency']]
2020-12-09 14:12:804 INFO  AddCustomerPage :45 - clicking on process btn [[ChromeDriver: chrome on WINDOWS (d7912d885d61acc06246dfe873e57a77)] -> xpath: //button[contains(text(),'Process')]]
2020-12-09 14:12:55 INFO  AddCustomerPage :21 - clicking on add customer link [[ChromeDriver: chrome on WINDOWS (d205744d7eaf986f75e7fc2b784333ca)] -> xpath: //div[@class='border box padT20 ng-scope']/div/button[1]]
2020-12-09 14:12:509 INFO  AddCustomerPage :32 - Enter First Name [[ChromeDriver: chrome on WINDOWS (d205744d7eaf986f75e7fc2b784333ca)] -> xpath: //form[@name='myForm']/div[1]/input[1]]
2020-12-09 14:12:627 INFO  AddCustomerPage :39 - Enter Last Name [[ChromeDriver: chrome on WINDOWS (d205744d7eaf986f75e7fc2b784333ca)] -> xpath: //form[@name='myForm']/div[2]/input[1]]
2020-12-09 14:12:752 INFO  AddCustomerPage :46 - Enter Post Code [[ChromeDriver: chrome on WINDOWS (d205744d7eaf986f75e7fc2b784333ca)] -> xpath: //form[@name='myForm']/div[3]/input[1]]
2020-12-09 14:12:780 INFO  AddCustomerPage :52 - clicking on add cutomer btn [[ChromeDriver: chrome on WINDOWS (d205744d7eaf986f75e7fc2b784333ca)] -> xpath: //form[@name='myForm']//button]
2020-12-09 14:12:881 INFO  AddCustomerPage :27 - clicking on open account btn [[ChromeDriver: chrome on WINDOWS (d205744d7eaf986f75e7fc2b784333ca)] -> xpath: //div[@class='border box padT20 ng-scope']/div/button[2]]
2020-12-09 14:12:459 INFO  AddCustomerPage :31 - clicking customer drop down [[ChromeDriver: chrome on WINDOWS (d205744d7eaf986f75e7fc2b784333ca)] -> xpath: //select[@id='userSelect']]
2020-12-09 14:12:712 INFO  AddCustomerPage :39 - clicking Pound currency from drop down [[ChromeDriver: chrome on WINDOWS (d205744d7eaf986f75e7fc2b784333ca)] -> xpath: //select[@id='currency']]
2020-12-09 14:12:738 INFO  AddCustomerPage :45 - clicking on process btn [[ChromeDriver: chrome on WINDOWS (d205744d7eaf986f75e7fc2b784333ca)] -> xpath: //button[contains(text(),'Process')]]
2020-12-09 14:12:887 INFO  AddCustomerPage :34 - clicking on home btn [[ChromeDriver: chrome on WINDOWS (d205744d7eaf986f75e7fc2b784333ca)] -> xpath: //button[contains(text(),'Home')]]
2020-12-09 14:12:969 INFO  AddCustomerPage :24 - clicking on customer login link [[ChromeDriver: chrome on WINDOWS (d205744d7eaf986f75e7fc2b784333ca)] -> xpath: //button[contains(text(),'Customer Login')]]
2020-12-09 14:12:776 INFO  AddCustomerPage :31 - clicking customer drop down [[ChromeDriver: chrome on WINDOWS (d205744d7eaf986f75e7fc2b784333ca)] -> xpath: //select[@id='userSelect']]
2020-12-09 14:12:848 INFO  AddCustomerPage :30 - clicking on login btn [[ChromeDriver: chrome on WINDOWS (d205744d7eaf986f75e7fc2b784333ca)] -> xpath: //button[contains(text(),'Login')]]
2020-12-09 14:12:100 INFO  AddCustomerPage :35 - clicking on deposit[[ChromeDriver: chrome on WINDOWS (d205744d7eaf986f75e7fc2b784333ca)] -> xpath: //button[2][contains(text(),'Deposit')]]
2020-12-09 14:12:398 INFO  AddCustomerPage :42 - deposit money [[ChromeDriver: chrome on WINDOWS (d205744d7eaf986f75e7fc2b784333ca)] -> xpath: //div[@class='form-group']/input]
2020-12-09 14:12:473 INFO  AddCustomerPage :48 - clicking on deposit[[ChromeDriver: chrome on WINDOWS (d205744d7eaf986f75e7fc2b784333ca)] -> xpath: //form[@name='myForm']/button]
2020-12-09 14:12:518 INFO  AddCustomerPage :54 - get message to verify[[ChromeDriver: chrome on WINDOWS (d205744d7eaf986f75e7fc2b784333ca)] -> xpath: //span[contains(text(),'Deposit Successful')]]
2020-12-09 14:12:410 INFO  AddCustomerPage :21 - clicking on add customer link [[ChromeDriver: chrome on WINDOWS (539ac8003a3f3216f271bb7ffc46dce3)] -> xpath: //div[@class='border box padT20 ng-scope']/div/button[1]]
2020-12-09 14:12:731 INFO  AddCustomerPage :32 - Enter First Name [[ChromeDriver: chrome on WINDOWS (539ac8003a3f3216f271bb7ffc46dce3)] -> xpath: //form[@name='myForm']/div[1]/input[1]]
2020-12-09 14:12:839 INFO  AddCustomerPage :39 - Enter Last Name [[ChromeDriver: chrome on WINDOWS (539ac8003a3f3216f271bb7ffc46dce3)] -> xpath: //form[@name='myForm']/div[2]/input[1]]
2020-12-09 14:12:946 INFO  AddCustomerPage :46 - Enter Post Code [[ChromeDriver: chrome on WINDOWS (539ac8003a3f3216f271bb7ffc46dce3)] -> xpath: //form[@name='myForm']/div[3]/input[1]]
2020-12-09 14:12:970 INFO  AddCustomerPage :52 - clicking on add cutomer btn [[ChromeDriver: chrome on WINDOWS (539ac8003a3f3216f271bb7ffc46dce3)] -> xpath: //form[@name='myForm']//button]
2020-12-09 14:12:68 INFO  AddCustomerPage :27 - clicking on open account btn [[ChromeDriver: chrome on WINDOWS (539ac8003a3f3216f271bb7ffc46dce3)] -> xpath: //div[@class='border box padT20 ng-scope']/div/button[2]]
2020-12-09 14:12:594 INFO  AddCustomerPage :31 - clicking customer drop down [[ChromeDriver: chrome on WINDOWS (539ac8003a3f3216f271bb7ffc46dce3)] -> xpath: //select[@id='userSelect']]
2020-12-09 14:12:830 INFO  AddCustomerPage :39 - clicking Pound currency from drop down [[ChromeDriver: chrome on WINDOWS (539ac8003a3f3216f271bb7ffc46dce3)] -> xpath: //select[@id='currency']]
2020-12-09 14:12:853 INFO  AddCustomerPage :45 - clicking on process btn [[ChromeDriver: chrome on WINDOWS (539ac8003a3f3216f271bb7ffc46dce3)] -> xpath: //button[contains(text(),'Process')]]
2020-12-09 14:12:15 INFO  AddCustomerPage :34 - clicking on home btn [[ChromeDriver: chrome on WINDOWS (539ac8003a3f3216f271bb7ffc46dce3)] -> xpath: //button[contains(text(),'Home')]]
2020-12-09 14:12:98 INFO  AddCustomerPage :24 - clicking on customer login link [[ChromeDriver: chrome on WINDOWS (539ac8003a3f3216f271bb7ffc46dce3)] -> xpath: //button[contains(text(),'Customer Login')]]
2020-12-09 14:12:567 INFO  AddCustomerPage :31 - clicking customer drop down [[ChromeDriver: chrome on WINDOWS (539ac8003a3f3216f271bb7ffc46dce3)] -> xpath: //select[@id='userSelect']]
2020-12-09 14:12:630 INFO  AddCustomerPage :30 - clicking on login btn [[ChromeDriver: chrome on WINDOWS (539ac8003a3f3216f271bb7ffc46dce3)] -> xpath: //button[contains(text(),'Login')]]
2020-12-09 14:12:860 INFO  AddCustomerPage :35 - clicking on deposit[[ChromeDriver: chrome on WINDOWS (539ac8003a3f3216f271bb7ffc46dce3)] -> xpath: //button[2][contains(text(),'Deposit')]]
2020-12-09 14:12:102 INFO  AddCustomerPage :42 - deposit money [[ChromeDriver: chrome on WINDOWS (539ac8003a3f3216f271bb7ffc46dce3)] -> xpath: //div[@class='form-group']/input]
2020-12-09 14:12:177 INFO  AddCustomerPage :48 - clicking on deposit[[ChromeDriver: chrome on WINDOWS (539ac8003a3f3216f271bb7ffc46dce3)] -> xpath: //form[@name='myForm']/button]
2020-12-09 14:12:220 INFO  AddCustomerPage :54 - get message to verify[[ChromeDriver: chrome on WINDOWS (539ac8003a3f3216f271bb7ffc46dce3)] -> xpath: //span[contains(text(),'Deposit Successful')]]
2020-12-09 14:12:273 INFO  AddCustomerPage :34 - clicking on home btn [[ChromeDriver: chrome on WINDOWS (539ac8003a3f3216f271bb7ffc46dce3)] -> xpath: //button[contains(text(),'Home')]]
2020-12-09 14:12:61 INFO  AddCustomerPage :24 - clicking on customer login link [[ChromeDriver: chrome on WINDOWS (539ac8003a3f3216f271bb7ffc46dce3)] -> xpath: //button[contains(text(),'Customer Login')]]
2020-12-09 14:12:266 INFO  AddCustomerPage :21 - clicking on add customer link [[ChromeDriver: chrome on WINDOWS (b2ef14f79655ec96d9fe540198e20f6e)] -> xpath: //div[@class='border box padT20 ng-scope']/div/button[1]]
2020-12-09 14:12:602 INFO  AddCustomerPage :32 - Enter First Name [[ChromeDriver: chrome on WINDOWS (b2ef14f79655ec96d9fe540198e20f6e)] -> xpath: //form[@name='myForm']/div[1]/input[1]]
2020-12-09 14:12:708 INFO  AddCustomerPage :39 - Enter Last Name [[ChromeDriver: chrome on WINDOWS (b2ef14f79655ec96d9fe540198e20f6e)] -> xpath: //form[@name='myForm']/div[2]/input[1]]
2020-12-09 14:12:813 INFO  AddCustomerPage :46 - Enter Post Code [[ChromeDriver: chrome on WINDOWS (b2ef14f79655ec96d9fe540198e20f6e)] -> xpath: //form[@name='myForm']/div[3]/input[1]]
2020-12-09 14:12:835 INFO  AddCustomerPage :52 - clicking on add cutomer btn [[ChromeDriver: chrome on WINDOWS (b2ef14f79655ec96d9fe540198e20f6e)] -> xpath: //form[@name='myForm']//button]
2020-12-09 14:12:939 INFO  AddCustomerPage :27 - clicking on open account btn [[ChromeDriver: chrome on WINDOWS (b2ef14f79655ec96d9fe540198e20f6e)] -> xpath: //div[@class='border box padT20 ng-scope']/div/button[2]]
2020-12-09 14:12:492 INFO  AddCustomerPage :31 - clicking customer drop down [[ChromeDriver: chrome on WINDOWS (b2ef14f79655ec96d9fe540198e20f6e)] -> xpath: //select[@id='userSelect']]
2020-12-09 14:12:718 INFO  AddCustomerPage :39 - clicking Pound currency from drop down [[ChromeDriver: chrome on WINDOWS (b2ef14f79655ec96d9fe540198e20f6e)] -> xpath: //select[@id='currency']]
2020-12-09 14:12:747 INFO  AddCustomerPage :45 - clicking on process btn [[ChromeDriver: chrome on WINDOWS (b2ef14f79655ec96d9fe540198e20f6e)] -> xpath: //button[contains(text(),'Process')]]
2020-12-09 14:12:888 INFO  AddCustomerPage :34 - clicking on home btn [[ChromeDriver: chrome on WINDOWS (b2ef14f79655ec96d9fe540198e20f6e)] -> xpath: //button[contains(text(),'Home')]]
2020-12-09 14:12:961 INFO  AddCustomerPage :24 - clicking on customer login link [[ChromeDriver: chrome on WINDOWS (b2ef14f79655ec96d9fe540198e20f6e)] -> xpath: //button[contains(text(),'Customer Login')]]
2020-12-09 14:12:386 INFO  AddCustomerPage :31 - clicking customer drop down [[ChromeDriver: chrome on WINDOWS (b2ef14f79655ec96d9fe540198e20f6e)] -> xpath: //select[@id='userSelect']]
2020-12-09 14:12:461 INFO  AddCustomerPage :30 - clicking on login btn [[ChromeDriver: chrome on WINDOWS (b2ef14f79655ec96d9fe540198e20f6e)] -> xpath: //button[contains(text(),'Login')]]
2020-12-09 14:12:743 INFO  AddCustomerPage :35 - clicking on deposit[[ChromeDriver: chrome on WINDOWS (b2ef14f79655ec96d9fe540198e20f6e)] -> xpath: //button[2][contains(text(),'Deposit')]]
2020-12-09 14:12:04 INFO  AddCustomerPage :42 - deposit money [[ChromeDriver: chrome on WINDOWS (b2ef14f79655ec96d9fe540198e20f6e)] -> xpath: //div[@class='form-group']/input]
2020-12-09 14:12:75 INFO  AddCustomerPage :48 - clicking on deposit[[ChromeDriver: chrome on WINDOWS (b2ef14f79655ec96d9fe540198e20f6e)] -> xpath: //form[@name='myForm']/button]
2020-12-09 14:12:118 INFO  AddCustomerPage :54 - get message to verify[[ChromeDriver: chrome on WINDOWS (b2ef14f79655ec96d9fe540198e20f6e)] -> xpath: //span[contains(text(),'Deposit Successful')]]
2020-12-09 14:12:170 INFO  AddCustomerPage :34 - clicking on home btn [[ChromeDriver: chrome on WINDOWS (b2ef14f79655ec96d9fe540198e20f6e)] -> xpath: //button[contains(text(),'Home')]]
2020-12-09 14:12:285 INFO  AddCustomerPage :24 - clicking on customer login link Proxy element for: DefaultElementLocator 'By.xpath: //button[contains(text(),'Customer Login')]'
2020-12-09 14:12:571 INFO  AddCustomerPage :31 - clicking customer drop down [[ChromeDriver: chrome on WINDOWS (b2ef14f79655ec96d9fe540198e20f6e)] -> xpath: //select[@id='userSelect']]
2020-12-09 14:12:668 INFO  AddCustomerPage :30 - clicking on login btn Proxy element for: DefaultElementLocator 'By.xpath: //button[contains(text(),'Login')]'
2020-12-09 14:12:742 INFO  AddCustomerPage :62 - clicking on Withdrawal btn[[ChromeDriver: chrome on WINDOWS (b2ef14f79655ec96d9fe540198e20f6e)] -> xpath: //button[3][contains(text(),'Withdraw')]]
2020-12-09 14:12:372 INFO  AddCustomerPage :69 - enter Withdrawal amount[[ChromeDriver: chrome on WINDOWS (b2ef14f79655ec96d9fe540198e20f6e)] -> xpath: //div[@class='form-group']/input]
2020-12-09 14:12:434 INFO  AddCustomerPage :75 - clicking on Withdrawal[[ChromeDriver: chrome on WINDOWS (b2ef14f79655ec96d9fe540198e20f6e)] -> xpath: //form[@name='myForm']/button]
2020-12-09 14:12:471 INFO  AddCustomerPage :81 - get message to verify[[ChromeDriver: chrome on WINDOWS (b2ef14f79655ec96d9fe540198e20f6e)] -> xpath: //span[contains(text(),'Transaction successful')]]
2020-12-09 14:12:52 INFO  AddCustomerPage :21 - clicking on add customer link [[ChromeDriver: chrome on WINDOWS (ea4ad89350cba70ecef5eb8df384ed0d)] -> xpath: //div[@class='border box padT20 ng-scope']/div/button[1]]
2020-12-09 14:12:350 INFO  AddCustomerPage :32 - Enter First Name [[ChromeDriver: chrome on WINDOWS (ea4ad89350cba70ecef5eb8df384ed0d)] -> xpath: //form[@name='myForm']/div[1]/input[1]]
2020-12-09 14:12:436 INFO  AddCustomerPage :39 - Enter Last Name [[ChromeDriver: chrome on WINDOWS (ea4ad89350cba70ecef5eb8df384ed0d)] -> xpath: //form[@name='myForm']/div[2]/input[1]]
2020-12-09 14:12:530 INFO  AddCustomerPage :46 - Enter Post Code [[ChromeDriver: chrome on WINDOWS (ea4ad89350cba70ecef5eb8df384ed0d)] -> xpath: //form[@name='myForm']/div[3]/input[1]]
2020-12-09 14:12:557 INFO  AddCustomerPage :52 - clicking on add cutomer btn [[ChromeDriver: chrome on WINDOWS (ea4ad89350cba70ecef5eb8df384ed0d)] -> xpath: //form[@name='myForm']//button]
2020-12-09 14:12:988 INFO  AddCustomerPage :21 - clicking on add customer link [[ChromeDriver: chrome on WINDOWS (ef4bfef7cd33f53f97da26a46b378ff8)] -> xpath: //div[@class='border box padT20 ng-scope']/div/button[1]]
2020-12-09 14:12:298 INFO  AddCustomerPage :32 - Enter First Name [[ChromeDriver: chrome on WINDOWS (ef4bfef7cd33f53f97da26a46b378ff8)] -> xpath: //form[@name='myForm']/div[1]/input[1]]
2020-12-09 14:12:405 INFO  AddCustomerPage :39 - Enter Last Name [[ChromeDriver: chrome on WINDOWS (ef4bfef7cd33f53f97da26a46b378ff8)] -> xpath: //form[@name='myForm']/div[2]/input[1]]
2020-12-09 14:12:514 INFO  AddCustomerPage :46 - Enter Post Code [[ChromeDriver: chrome on WINDOWS (ef4bfef7cd33f53f97da26a46b378ff8)] -> xpath: //form[@name='myForm']/div[3]/input[1]]
2020-12-09 14:12:537 INFO  AddCustomerPage :52 - clicking on add cutomer btn [[ChromeDriver: chrome on WINDOWS (ef4bfef7cd33f53f97da26a46b378ff8)] -> xpath: //form[@name='myForm']//button]
2020-12-09 14:12:636 INFO  AddCustomerPage :27 - clicking on open account btn [[ChromeDriver: chrome on WINDOWS (ef4bfef7cd33f53f97da26a46b378ff8)] -> xpath: //div[@class='border box padT20 ng-scope']/div/button[2]]
2020-12-09 14:12:165 INFO  AddCustomerPage :31 - clicking customer drop down [[ChromeDriver: chrome on WINDOWS (ef4bfef7cd33f53f97da26a46b378ff8)] -> xpath: //select[@id='userSelect']]
2020-12-09 14:12:390 INFO  AddCustomerPage :39 - clicking Pound currency from drop down [[ChromeDriver: chrome on WINDOWS (ef4bfef7cd33f53f97da26a46b378ff8)] -> xpath: //select[@id='currency']]
2020-12-09 14:12:413 INFO  AddCustomerPage :45 - clicking on process btn [[ChromeDriver: chrome on WINDOWS (ef4bfef7cd33f53f97da26a46b378ff8)] -> xpath: //button[contains(text(),'Process')]]
2020-12-09 14:12:986 INFO  AddCustomerPage :21 - clicking on add customer link [[ChromeDriver: chrome on WINDOWS (7a71226c48abcec8d217fe1ea17aa4aa)] -> xpath: //div[@class='border box padT20 ng-scope']/div/button[1]]
2020-12-09 14:12:326 INFO  AddCustomerPage :32 - Enter First Name [[ChromeDriver: chrome on WINDOWS (7a71226c48abcec8d217fe1ea17aa4aa)] -> xpath: //form[@name='myForm']/div[1]/input[1]]
2020-12-09 14:12:438 INFO  AddCustomerPage :39 - Enter Last Name [[ChromeDriver: chrome on WINDOWS (7a71226c48abcec8d217fe1ea17aa4aa)] -> xpath: //form[@name='myForm']/div[2]/input[1]]
2020-12-09 14:12:546 INFO  AddCustomerPage :46 - Enter Post Code [[ChromeDriver: chrome on WINDOWS (7a71226c48abcec8d217fe1ea17aa4aa)] -> xpath: //form[@name='myForm']/div[3]/input[1]]
2020-12-09 14:12:572 INFO  AddCustomerPage :52 - clicking on add cutomer btn [[ChromeDriver: chrome on WINDOWS (7a71226c48abcec8d217fe1ea17aa4aa)] -> xpath: //form[@name='myForm']//button]
2020-12-09 14:12:671 INFO  AddCustomerPage :27 - clicking on open account btn [[ChromeDriver: chrome on WINDOWS (7a71226c48abcec8d217fe1ea17aa4aa)] -> xpath: //div[@class='border box padT20 ng-scope']/div/button[2]]
2020-12-09 14:12:154 INFO  AddCustomerPage :31 - clicking customer drop down [[ChromeDriver: chrome on WINDOWS (7a71226c48abcec8d217fe1ea17aa4aa)] -> xpath: //select[@id='userSelect']]
2020-12-09 14:12:392 INFO  AddCustomerPage :39 - clicking Pound currency from drop down [[ChromeDriver: chrome on WINDOWS (7a71226c48abcec8d217fe1ea17aa4aa)] -> xpath: //select[@id='currency']]
2020-12-09 14:12:417 INFO  AddCustomerPage :45 - clicking on process btn [[ChromeDriver: chrome on WINDOWS (7a71226c48abcec8d217fe1ea17aa4aa)] -> xpath: //button[contains(text(),'Process')]]
2020-12-09 14:12:562 INFO  AddCustomerPage :34 - clicking on home btn [[ChromeDriver: chrome on WINDOWS (7a71226c48abcec8d217fe1ea17aa4aa)] -> xpath: //button[contains(text(),'Home')]]
2020-12-09 14:12:630 INFO  AddCustomerPage :24 - clicking on customer login link [[ChromeDriver: chrome on WINDOWS (7a71226c48abcec8d217fe1ea17aa4aa)] -> xpath: //button[contains(text(),'Customer Login')]]
2020-12-09 14:12:46 INFO  AddCustomerPage :31 - clicking customer drop down [[ChromeDriver: chrome on WINDOWS (7a71226c48abcec8d217fe1ea17aa4aa)] -> xpath: //select[@id='userSelect']]
2020-12-09 14:12:133 INFO  AddCustomerPage :30 - clicking on login btn [[ChromeDriver: chrome on WINDOWS (7a71226c48abcec8d217fe1ea17aa4aa)] -> xpath: //button[contains(text(),'Login')]]
2020-12-09 14:12:368 INFO  AddCustomerPage :35 - clicking on deposit[[ChromeDriver: chrome on WINDOWS (7a71226c48abcec8d217fe1ea17aa4aa)] -> xpath: //button[2][contains(text(),'Deposit')]]
2020-12-09 14:12:628 INFO  AddCustomerPage :42 - deposit money [[ChromeDriver: chrome on WINDOWS (7a71226c48abcec8d217fe1ea17aa4aa)] -> xpath: //div[@class='form-group']/input]
2020-12-09 14:12:712 INFO  AddCustomerPage :48 - clicking on deposit[[ChromeDriver: chrome on WINDOWS (7a71226c48abcec8d217fe1ea17aa4aa)] -> xpath: //form[@name='myForm']/button]
2020-12-09 14:12:756 INFO  AddCustomerPage :54 - get message to verify[[ChromeDriver: chrome on WINDOWS (7a71226c48abcec8d217fe1ea17aa4aa)] -> xpath: //span[contains(text(),'Deposit Successful')]]
2020-12-09 14:12:297 INFO  AddCustomerPage :21 - clicking on add customer link [[ChromeDriver: chrome on WINDOWS (3b743923a1ebc94cbf6f1981ed066848)] -> xpath: //div[@class='border box padT20 ng-scope']/div/button[1]]
2020-12-09 14:12:623 INFO  AddCustomerPage :32 - Enter First Name [[ChromeDriver: chrome on WINDOWS (3b743923a1ebc94cbf6f1981ed066848)] -> xpath: //form[@name='myForm']/div[1]/input[1]]
2020-12-09 14:12:746 INFO  AddCustomerPage :39 - Enter Last Name [[ChromeDriver: chrome on WINDOWS (3b743923a1ebc94cbf6f1981ed066848)] -> xpath: //form[@name='myForm']/div[2]/input[1]]
2020-12-09 14:12:868 INFO  AddCustomerPage :46 - Enter Post Code [[ChromeDriver: chrome on WINDOWS (3b743923a1ebc94cbf6f1981ed066848)] -> xpath: //form[@name='myForm']/div[3]/input[1]]
2020-12-09 14:12:897 INFO  AddCustomerPage :52 - clicking on add cutomer btn [[ChromeDriver: chrome on WINDOWS (3b743923a1ebc94cbf6f1981ed066848)] -> xpath: //form[@name='myForm']//button]
2020-12-09 14:12:83 INFO  AddCustomerPage :34 - clicking on home btn [[ChromeDriver: chrome on WINDOWS (3b743923a1ebc94cbf6f1981ed066848)] -> xpath: //button[contains(text(),'Home')]]
2020-12-09 14:12:173 INFO  AddCustomerPage :24 - clicking on customer login link [[ChromeDriver: chrome on WINDOWS (3b743923a1ebc94cbf6f1981ed066848)] -> xpath: //button[contains(text(),'Customer Login')]]
2020-12-09 14:12:655 INFO  AddCustomerPage :31 - clicking customer drop down [[ChromeDriver: chrome on WINDOWS (3b743923a1ebc94cbf6f1981ed066848)] -> xpath: //select[@id='userSelect']]
2020-12-09 14:12:735 INFO  AddCustomerPage :30 - clicking on login btn [[ChromeDriver: chrome on WINDOWS (3b743923a1ebc94cbf6f1981ed066848)] -> xpath: //button[contains(text(),'Login')]]
2020-12-09 14:12:761 INFO  AddCustomerPage :66 - verification of logout btn [[ChromeDriver: chrome on WINDOWS (3b743923a1ebc94cbf6f1981ed066848)] -> xpath: //button[contains(text(),'Logout')]]
2020-12-09 14:12:813 INFO  AddCustomerPage :58 - clicking on logout btn [[ChromeDriver: chrome on WINDOWS (3b743923a1ebc94cbf6f1981ed066848)] -> xpath: //button[contains(text(),'Logout')]]
2020-12-09 15:12:393 INFO  AddCustomerPage :21 - clicking on add customer link [[ChromeDriver: chrome on WINDOWS (d1fd62c4b1571ad071cb1370008adfe1)] -> xpath: //div[@class='border box padT20 ng-scope']/div/button[1]]
2020-12-09 15:12:718 INFO  AddCustomerPage :32 - Enter First Name [[ChromeDriver: chrome on WINDOWS (d1fd62c4b1571ad071cb1370008adfe1)] -> xpath: //form[@name='myForm']/div[1]/input[1]]
2020-12-09 15:12:839 INFO  AddCustomerPage :39 - Enter Last Name [[ChromeDriver: chrome on WINDOWS (d1fd62c4b1571ad071cb1370008adfe1)] -> xpath: //form[@name='myForm']/div[2]/input[1]]
2020-12-09 15:12:952 INFO  AddCustomerPage :46 - Enter Post Code [[ChromeDriver: chrome on WINDOWS (d1fd62c4b1571ad071cb1370008adfe1)] -> xpath: //form[@name='myForm']/div[3]/input[1]]
2020-12-09 15:12:977 INFO  AddCustomerPage :52 - clicking on add cutomer btn [[ChromeDriver: chrome on WINDOWS (d1fd62c4b1571ad071cb1370008adfe1)] -> xpath: //form[@name='myForm']//button]
2020-12-09 15:12:88 INFO  AddCustomerPage :27 - clicking on open account btn [[ChromeDriver: chrome on WINDOWS (d1fd62c4b1571ad071cb1370008adfe1)] -> xpath: //div[@class='border box padT20 ng-scope']/div/button[2]]
2020-12-09 15:12:620 INFO  AddCustomerPage :31 - clicking customer drop down [[ChromeDriver: chrome on WINDOWS (d1fd62c4b1571ad071cb1370008adfe1)] -> xpath: //select[@id='userSelect']]
2020-12-09 15:12:888 INFO  AddCustomerPage :39 - clicking Pound currency from drop down [[ChromeDriver: chrome on WINDOWS (d1fd62c4b1571ad071cb1370008adfe1)] -> xpath: //select[@id='currency']]
2020-12-09 15:12:926 INFO  AddCustomerPage :45 - clicking on process btn [[ChromeDriver: chrome on WINDOWS (d1fd62c4b1571ad071cb1370008adfe1)] -> xpath: //button[contains(text(),'Process')]]
2020-12-09 15:12:105 INFO  AddCustomerPage :34 - clicking on home btn [[ChromeDriver: chrome on WINDOWS (d1fd62c4b1571ad071cb1370008adfe1)] -> xpath: //button[contains(text(),'Home')]]
2020-12-09 15:12:177 INFO  AddCustomerPage :24 - clicking on customer login link [[ChromeDriver: chrome on WINDOWS (d1fd62c4b1571ad071cb1370008adfe1)] -> xpath: //button[contains(text(),'Customer Login')]]
2020-12-09 15:12:605 INFO  AddCustomerPage :31 - clicking customer drop down [[ChromeDriver: chrome on WINDOWS (d1fd62c4b1571ad071cb1370008adfe1)] -> xpath: //select[@id='userSelect']]
2020-12-09 15:12:679 INFO  AddCustomerPage :30 - clicking on login btn [[ChromeDriver: chrome on WINDOWS (d1fd62c4b1571ad071cb1370008adfe1)] -> xpath: //button[contains(text(),'Login')]]
2020-12-09 15:12:913 INFO  AddCustomerPage :35 - clicking on deposit[[ChromeDriver: chrome on WINDOWS (d1fd62c4b1571ad071cb1370008adfe1)] -> xpath: //button[2][contains(text(),'Deposit')]]
2020-12-09 15:12:166 INFO  AddCustomerPage :42 - deposit money [[ChromeDriver: chrome on WINDOWS (d1fd62c4b1571ad071cb1370008adfe1)] -> xpath: //div[@class='form-group']/input]
2020-12-09 15:12:250 INFO  AddCustomerPage :48 - clicking on deposit[[ChromeDriver: chrome on WINDOWS (d1fd62c4b1571ad071cb1370008adfe1)] -> xpath: //form[@name='myForm']/button]
2020-12-09 15:12:296 INFO  AddCustomerPage :54 - get message to verify[[ChromeDriver: chrome on WINDOWS (d1fd62c4b1571ad071cb1370008adfe1)] -> xpath: //span[contains(text(),'Deposit Successful')]]
2020-12-09 15:12:361 INFO  AddCustomerPage :34 - clicking on home btn [[ChromeDriver: chrome on WINDOWS (d1fd62c4b1571ad071cb1370008adfe1)] -> xpath: //button[contains(text(),'Home')]]
2020-12-09 15:12:468 INFO  AddCustomerPage :24 - clicking on customer login link Proxy element for: DefaultElementLocator 'By.xpath: //button[contains(text(),'Customer Login')]'
2020-12-09 15:12:754 INFO  AddCustomerPage :31 - clicking customer drop down [[ChromeDriver: chrome on WINDOWS (d1fd62c4b1571ad071cb1370008adfe1)] -> xpath: //select[@id='userSelect']]
2020-12-09 15:12:896 INFO  AddCustomerPage :30 - clicking on login btn Proxy element for: DefaultElementLocator 'By.xpath: //button[contains(text(),'Login')]'
2020-12-09 15:12:980 INFO  AddCustomerPage :62 - clicking on Withdrawal btn[[ChromeDriver: chrome on WINDOWS (d1fd62c4b1571ad071cb1370008adfe1)] -> xpath: //button[3][contains(text(),'Withdraw')]]
2020-12-09 15:12:381 INFO  AddCustomerPage :69 - enter Withdrawal amount[[ChromeDriver: chrome on WINDOWS (d1fd62c4b1571ad071cb1370008adfe1)] -> xpath: //div[@class='form-group']/input]
2020-12-09 15:12:440 INFO  AddCustomerPage :75 - clicking on Withdrawal[[ChromeDriver: chrome on WINDOWS (d1fd62c4b1571ad071cb1370008adfe1)] -> xpath: //form[@name='myForm']/button]
2020-12-09 15:12:477 INFO  AddCustomerPage :81 - get message to verify[[ChromeDriver: chrome on WINDOWS (d1fd62c4b1571ad071cb1370008adfe1)] -> xpath: //span[contains(text(),'Transaction successful')]]
