2020-12-07 23:12:54 INFO  HomePage :25 - Clicking on Login link : [[ChromeDriver: chrome on WINDOWS (8ddc6091d510feda711133c673c66a53)] -> link text: Log in]
2020-12-07 23:12:243 INFO  LoginPage :32 - Entering email address : ramkrishna@abc.com to email field : [[ChromeDriver: chrome on WINDOWS (8ddc6091d510feda711133c673c66a53)] -> xpath: //input[@id='Email']]
2020-12-07 23:12:360 INFO  LoginPage :39 - Entering password : 123456 to password field : [[ChromeDriver: chrome on WINDOWS (8ddc6091d510feda711133c673c66a53)] -> xpath: //input[@id='Password']]
2020-12-07 23:12:441 INFO  LoginPage :46 - Clicking on login button : [[ChromeDriver: chrome on WINDOWS (8ddc6091d510feda711133c673c66a53)] -> xpath: //input[@class='button-1 login-button']]
2020-12-07 23:12:485 INFO  LoginPage :58 - get error message [[ChromeDriver: chrome on WINDOWS (8ddc6091d510feda711133c673c66a53)] -> xpath: //body/div[6]/div[3]/div[1]/div[1]/div[1]/div[2]/div[1]/div[2]/form[1]/div[1]]
2020-12-08 10:12:41 INFO  HomePage :39 - Clicking on computers tab[[ChromeDriver: chrome on WINDOWS (eac9106f8b41519601ffc1e69ed95fa9)] -> xpath: //ul[@class='top-menu notmobile']/li[1]]
2020-12-08 10:12:350 INFO  ComputerPage :24 - Clicking on desktop pageProxy element for: DefaultElementLocator 'By.xpath: //a[contains(text(),' Desktops')]'
2020-12-08 10:12:566 INFO  DesktopPage :30 - mouse hover to sort by  and click[[ChromeDriver: chrome on WINDOWS (eac9106f8b41519601ffc1e69ed95fa9)] -> xpath: //select[@id='products-orderby']]
2020-12-08 10:12:869 INFO  DesktopPage :42 - Clicking on A to Z from Drop Down[[ChromeDriver: chrome on WINDOWS (eac9106f8b41519601ffc1e69ed95fa9)] -> xpath: //option[contains(text(),'Name: A to Z')]]
2020-12-08 10:12:982 INFO  DesktopPage :49 - clicking on add to cart btn[[ChromeDriver: chrome on WINDOWS (eac9106f8b41519601ffc1e69ed95fa9)] -> xpath: //body/div[6]//div[1]/div/div[2]/div[3]/div[2]/input[1]]
2020-12-08 10:12:272 INFO  BuildYourOwnComputerPage :44 - Get message build your own computer[[ChromeDriver: chrome on WINDOWS (eac9106f8b41519601ffc1e69ed95fa9)] -> xpath: //h1[contains(text(),'Build your own computer')]]
2020-12-08 10:12:675 INFO  BuildYourOwnComputerPage :52 - select 2.2 GHz Intel Pentium Dual-Core E2200[[ChromeDriver: chrome on WINDOWS (eac9106f8b41519601ffc1e69ed95fa9)] -> xpath: //h1[contains(text(),'Build your own computer')]]
2020-12-08 10:12:994 INFO  BuildYourOwnComputerPage :59 - select 8GB RAM [[ChromeDriver: chrome on WINDOWS (eac9106f8b41519601ffc1e69ed95fa9)] -> xpath: //select[@id='product_attribute_2']]
2020-12-08 10:12:139 INFO  BuildYourOwnComputerPage :66 - click on HDD radio button  [[ChromeDriver: chrome on WINDOWS (eac9106f8b41519601ffc1e69ed95fa9)] -> xpath: //dd[@id='product_attribute_input_3']/ul/li[2]//label[contains(text(),'400 GB [+$100.00]')]]
2020-12-08 10:12:283 INFO  BuildYourOwnComputerPage :73 - click on OS radio button  [[ChromeDriver: chrome on WINDOWS (eac9106f8b41519601ffc1e69ed95fa9)] -> xpath: //dd[@id='product_attribute_input_4']//li[2]//label[contains(text(),'Vista Premium [+$60.00]')]]
2020-12-08 10:12:477 INFO  BuildYourOwnComputerPage :80 - click on Total Commander [+$5.0]  [[ChromeDriver: chrome on WINDOWS (eac9106f8b41519601ffc1e69ed95fa9)] -> xpath: //dd[@id='product_attribute_input_5']//li[3]/input]
2020-12-08 10:12:789 INFO  BuildYourOwnComputerPage :87 - Verify the price $1,475.00  [[ChromeDriver: chrome on WINDOWS (eac9106f8b41519601ffc1e69ed95fa9)] -> xpath: //span[contains(text(),'$1,475.00')]]
2020-12-08 10:12:895 INFO  BuildYourOwnComputerPage :94 - click on add to cart btn [[ChromeDriver: chrome on WINDOWS (eac9106f8b41519601ffc1e69ed95fa9)] -> xpath: //input[@id='add-to-cart-button-1']]
2020-12-08 10:12:300 INFO  BuildYourOwnComputerPage :100 - get text from to verify [[ChromeDriver: chrome on WINDOWS (eac9106f8b41519601ffc1e69ed95fa9)] -> xpath: //body/div[@id='bar-notification']/div[1]/p[1]]
2020-12-08 10:12:490 INFO  BuildYourOwnComputerPage :107 - clicking on close button  [[ChromeDriver: chrome on WINDOWS (eac9106f8b41519601ffc1e69ed95fa9)] -> xpath: //body/div[@id='bar-notification']/div[1]/span[1]]
2020-12-08 10:12:684 INFO  BuildYourOwnComputerPage :113 - clicking on shopping cart  [[ChromeDriver: chrome on WINDOWS (eac9106f8b41519601ffc1e69ed95fa9)] -> xpath: //span[contains(text(),'Shopping cart')]]
2020-12-08 10:12:316 INFO  BuildYourOwnComputerPage :119 - licking on shopping cart  [[ChromeDriver: chrome on WINDOWS (eac9106f8b41519601ffc1e69ed95fa9)] -> xpath: //body/div[6]/div[1]/div[1]/div[2]/div[2]/div[1]/div[4]/input[1]]
2020-12-08 10:12:454 INFO  CartPage :30 - clear default quantity and add 2  [[ChromeDriver: chrome on WINDOWS (eac9106f8b41519601ffc1e69ed95fa9)] -> xpath: //input[@class='qty-input']]
2020-12-08 10:12:571 INFO  CartPage :36 - clear default quantity and add 2  [[ChromeDriver: chrome on WINDOWS (eac9106f8b41519601ffc1e69ed95fa9)] -> xpath: //input[@class='qty-input']]
2020-12-08 10:12:450 INFO  CartPage :43 - click to update shopping cart  [[ChromeDriver: chrome on WINDOWS (eac9106f8b41519601ffc1e69ed95fa9)] -> xpath: //input[@class='qty-input']]
2020-12-08 10:12:537 INFO  CartPage :50 - get message to varify[[ChromeDriver: chrome on WINDOWS (eac9106f8b41519601ffc1e69ed95fa9)] -> xpath: //tbody/tr[1]/td[7]/span[1]]
2020-12-08 10:12:382 INFO  HomePage :32 - Clicking on register Link[[ChromeDriver: chrome on WINDOWS (79e30ca163564f702be4b16ebe73d8d0)] -> link text: Register]
2020-12-08 10:12:705 INFO  RegistrationPage :53 - selected radio button[[ChromeDriver: chrome on WINDOWS (79e30ca163564f702be4b16ebe73d8d0)] -> xpath: //span[@class='male']]
2020-12-08 10:12:943 INFO  RegistrationPage :61 - Entered first nameRam[[ChromeDriver: chrome on WINDOWS (79e30ca163564f702be4b16ebe73d8d0)] -> id: FirstName]
2020-12-08 10:12:75 INFO  RegistrationPage :68 - Entered last nameKrishna[[ChromeDriver: chrome on WINDOWS (79e30ca163564f702be4b16ebe73d8d0)] -> id: LastName]
2020-12-08 10:12:243 INFO  RegistrationPage :75 - selected day from drop down10[[ChromeDriver: chrome on WINDOWS (79e30ca163564f702be4b16ebe73d8d0)] -> xpath: //form[1]//select[1]]
2020-12-08 10:12:406 INFO  RegistrationPage :82 - selected month from drop downMay[[ChromeDriver: chrome on WINDOWS (79e30ca163564f702be4b16ebe73d8d0)] -> xpath: //form[1]//select[2]]
2020-12-08 10:12:570 INFO  RegistrationPage :89 - selected year from drop down1985[[ChromeDriver: chrome on WINDOWS (79e30ca163564f702be4b16ebe73d8d0)] -> xpath: //form[1]//select[3]]
2020-12-08 10:12:794 INFO  RegistrationPage :96 - enter email Id on field ramkrishna2839@gmail.com[[ChromeDriver: chrome on WINDOWS (79e30ca163564f702be4b16ebe73d8d0)] -> id: Email]
2020-12-08 10:12:21 INFO  RegistrationPage :104 - Entered company name Prime Testing[[ChromeDriver: chrome on WINDOWS (79e30ca163564f702be4b16ebe73d8d0)] -> xpath: //input[@id='Company']]
2020-12-08 10:12:188 INFO  RegistrationPage :111 - entered password123456[[ChromeDriver: chrome on WINDOWS (79e30ca163564f702be4b16ebe73d8d0)] -> id: Password]
2020-12-08 10:12:360 INFO  RegistrationPage :119 - entered confirm  password123456[[ChromeDriver: chrome on WINDOWS (79e30ca163564f702be4b16ebe73d8d0)] -> id: ConfirmPassword]
2020-12-08 10:12:293 INFO  RegistrationPage :126 - click on register buttonProxy element for: DefaultElementLocator 'By.id: register-button'
2020-12-08 10:12:350 INFO  CartPage :57 - verify message for registration successfully[[ChromeDriver: chrome on WINDOWS (79e30ca163564f702be4b16ebe73d8d0)] -> xpath: //div[contains(text(),'Your registration completed')]]
2020-12-08 10:12:898 INFO  HomePage :39 - Clicking on computers tab[[ChromeDriver: chrome on WINDOWS (c50d5d5db043deb3f9416e553270d09e)] -> xpath: //ul[@class='top-menu notmobile']/li[1]]
2020-12-08 10:12:222 INFO  ComputerPage :24 - Clicking on desktop pageProxy element for: DefaultElementLocator 'By.xpath: //a[contains(text(),' Desktops')]'
2020-12-08 10:12:449 INFO  DesktopPage :30 - mouse hover to sort by  and click[[ChromeDriver: chrome on WINDOWS (c50d5d5db043deb3f9416e553270d09e)] -> xpath: //select[@id='products-orderby']]
2020-12-08 10:12:815 INFO  DesktopPage :42 - Clicking on A to Z from Drop Down[[ChromeDriver: chrome on WINDOWS (c50d5d5db043deb3f9416e553270d09e)] -> xpath: //option[contains(text(),'Name: A to Z')]]
2020-12-08 10:12:959 INFO  DesktopPage :49 - clicking on add to cart btn[[ChromeDriver: chrome on WINDOWS (c50d5d5db043deb3f9416e553270d09e)] -> xpath: //body/div[6]//div[1]/div/div[2]/div[3]/div[2]/input[1]]
2020-12-08 10:12:830 INFO  BuildYourOwnComputerPage :44 - Get message build your own computer[[ChromeDriver: chrome on WINDOWS (c50d5d5db043deb3f9416e553270d09e)] -> xpath: //h1[contains(text(),'Build your own computer')]]
2020-12-08 10:12:214 INFO  BuildYourOwnComputerPage :52 - select 2.2 GHz Intel Pentium Dual-Core E2200[[ChromeDriver: chrome on WINDOWS (c50d5d5db043deb3f9416e553270d09e)] -> xpath: //h1[contains(text(),'Build your own computer')]]
2020-12-08 10:12:481 INFO  BuildYourOwnComputerPage :59 - select 8GB RAM [[ChromeDriver: chrome on WINDOWS (c50d5d5db043deb3f9416e553270d09e)] -> xpath: //select[@id='product_attribute_2']]
2020-12-08 10:12:617 INFO  BuildYourOwnComputerPage :66 - click on HDD radio button  [[ChromeDriver: chrome on WINDOWS (c50d5d5db043deb3f9416e553270d09e)] -> xpath: //dd[@id='product_attribute_input_3']/ul/li[2]//label[contains(text(),'400 GB [+$100.00]')]]
2020-12-08 10:12:756 INFO  BuildYourOwnComputerPage :73 - click on OS radio button  [[ChromeDriver: chrome on WINDOWS (c50d5d5db043deb3f9416e553270d09e)] -> xpath: //dd[@id='product_attribute_input_4']//li[2]//label[contains(text(),'Vista Premium [+$60.00]')]]
2020-12-08 10:12:947 INFO  BuildYourOwnComputerPage :80 - click on Total Commander [+$5.0]  [[ChromeDriver: chrome on WINDOWS (c50d5d5db043deb3f9416e553270d09e)] -> xpath: //dd[@id='product_attribute_input_5']//li[3]/input]
2020-12-08 10:12:253 INFO  BuildYourOwnComputerPage :87 - Verify the price $1,475.00  [[ChromeDriver: chrome on WINDOWS (c50d5d5db043deb3f9416e553270d09e)] -> xpath: //span[contains(text(),'$1,475.00')]]
2020-12-08 10:12:377 INFO  BuildYourOwnComputerPage :94 - click on add to cart btn [[ChromeDriver: chrome on WINDOWS (c50d5d5db043deb3f9416e553270d09e)] -> xpath: //input[@id='add-to-cart-button-1']]
2020-12-08 10:12:722 INFO  BuildYourOwnComputerPage :100 - get text from to verify [[ChromeDriver: chrome on WINDOWS (c50d5d5db043deb3f9416e553270d09e)] -> xpath: //body/div[@id='bar-notification']/div[1]/p[1]]
2020-12-08 10:12:900 INFO  BuildYourOwnComputerPage :107 - clicking on close button  [[ChromeDriver: chrome on WINDOWS (c50d5d5db043deb3f9416e553270d09e)] -> xpath: //body/div[@id='bar-notification']/div[1]/span[1]]
2020-12-08 10:12:94 INFO  BuildYourOwnComputerPage :113 - clicking on shopping cart  [[ChromeDriver: chrome on WINDOWS (c50d5d5db043deb3f9416e553270d09e)] -> xpath: //span[contains(text(),'Shopping cart')]]
2020-12-08 10:12:09 INFO  BuildYourOwnComputerPage :119 - licking on shopping cart  [[ChromeDriver: chrome on WINDOWS (c50d5d5db043deb3f9416e553270d09e)] -> xpath: //body/div[6]/div[1]/div[1]/div[2]/div[2]/div[1]/div[4]/input[1]]
2020-12-08 10:12:84 INFO  CartPage :30 - clear default quantity and add 2  [[ChromeDriver: chrome on WINDOWS (c50d5d5db043deb3f9416e553270d09e)] -> xpath: //input[@class='qty-input']]
2020-12-08 10:12:207 INFO  CartPage :36 - clear default quantity and add 2  [[ChromeDriver: chrome on WINDOWS (c50d5d5db043deb3f9416e553270d09e)] -> xpath: //input[@class='qty-input']]
2020-12-08 10:12:914 INFO  CartPage :43 - click to update shopping cart  [[ChromeDriver: chrome on WINDOWS (c50d5d5db043deb3f9416e553270d09e)] -> xpath: //input[@class='qty-input']]
2020-12-08 10:12:982 INFO  CartPage :50 - get message to varify[[ChromeDriver: chrome on WINDOWS (c50d5d5db043deb3f9416e553270d09e)] -> xpath: //tbody/tr[1]/td[7]/span[1]]
2020-12-08 10:12:518 INFO  HomePage :25 - Clicking on Login link : [[ChromeDriver: chrome on WINDOWS (b53842a24a3bd5f806a90db055612eb2)] -> link text: Log in]
2020-12-08 10:12:706 INFO  LoginPage :32 - Entering email address : ramkrishna@abc.com to email field : [[ChromeDriver: chrome on WINDOWS (b53842a24a3bd5f806a90db055612eb2)] -> xpath: //input[@id='Email']]
2020-12-08 10:12:920 INFO  LoginPage :39 - Entering password : 123456 to password field : [[ChromeDriver: chrome on WINDOWS (b53842a24a3bd5f806a90db055612eb2)] -> xpath: //input[@id='Password']]
2020-12-08 10:12:105 INFO  LoginPage :46 - Clicking on login button : [[ChromeDriver: chrome on WINDOWS (b53842a24a3bd5f806a90db055612eb2)] -> xpath: //input[@class='button-1 login-button']]
2020-12-08 10:12:153 INFO  LoginPage :58 - get error message [[ChromeDriver: chrome on WINDOWS (b53842a24a3bd5f806a90db055612eb2)] -> xpath: //body/div[6]/div[3]/div[1]/div[1]/div[1]/div[2]/div[1]/div[2]/form[1]/div[1]]
2020-12-08 10:12:298 INFO  HomePage :32 - Clicking on register Link[[ChromeDriver: chrome on WINDOWS (5434d360b6857d63e4087a4438703eaa)] -> link text: Register]
2020-12-08 10:12:394 INFO  RegistrationPage :44 - Landing on registration page[[ChromeDriver: chrome on WINDOWS (5434d360b6857d63e4087a4438703eaa)] -> xpath: //h1[contains(text(),'Register')]]
2020-12-08 10:12:999 INFO  HomePage :39 - Clicking on computers tab[[ChromeDriver: chrome on WINDOWS (80353fd300fe3da303a6e06c3290eb88)] -> xpath: //ul[@class='top-menu notmobile']/li[1]]
2020-12-08 10:12:79 INFO  ComputerPage :24 - Clicking on desktop page[[ChromeDriver: chrome on WINDOWS (80353fd300fe3da303a6e06c3290eb88)] -> xpath: //a[contains(text(),' Desktops')]]
2020-12-08 10:12:72 INFO  HomePage :25 - Clicking on Login link : [[ChromeDriver: chrome on WINDOWS (3b61d38ea2f769455b63ceeb83544ccb)] -> link text: Log in]
2020-12-08 10:12:129 INFO  LoginPage :52 - Getting text from : [[ChromeDriver: chrome on WINDOWS (3b61d38ea2f769455b63ceeb83544ccb)] -> xpath: //div[@class='page-title']//h1]
2020-12-08 10:12:194 INFO  HomePage :32 - Clicking on register Link[[ChromeDriver: chrome on WINDOWS (4e35da0df576a8ab475cf7c642cb43e6)] -> link text: Register]
2020-12-08 10:12:251 INFO  RegistrationPage :44 - Landing on registration page[[ChromeDriver: chrome on WINDOWS (4e35da0df576a8ab475cf7c642cb43e6)] -> xpath: //h1[contains(text(),'Register')]]
2020-12-08 10:12:514 INFO  HomePage :32 - Clicking on register Link[[ChromeDriver: chrome on WINDOWS (8b92bf037b5649d3434cb1a40093d6a8)] -> link text: Register]
2020-12-08 10:12:709 INFO  RegistrationPage :53 - selected radio button[[ChromeDriver: chrome on WINDOWS (8b92bf037b5649d3434cb1a40093d6a8)] -> xpath: //span[@class='male']]
2020-12-08 10:12:875 INFO  RegistrationPage :61 - Entered first nameRam[[ChromeDriver: chrome on WINDOWS (8b92bf037b5649d3434cb1a40093d6a8)] -> id: FirstName]
2020-12-08 10:12:11 INFO  RegistrationPage :68 - Entered last nameKrishna[[ChromeDriver: chrome on WINDOWS (8b92bf037b5649d3434cb1a40093d6a8)] -> id: LastName]
2020-12-08 10:12:106 INFO  RegistrationPage :75 - selected day from drop down10[[ChromeDriver: chrome on WINDOWS (8b92bf037b5649d3434cb1a40093d6a8)] -> xpath: //form[1]//select[1]]
2020-12-08 10:12:206 INFO  RegistrationPage :82 - selected month from drop downMay[[ChromeDriver: chrome on WINDOWS (8b92bf037b5649d3434cb1a40093d6a8)] -> xpath: //form[1]//select[2]]
2020-12-08 10:12:312 INFO  RegistrationPage :89 - selected year from drop down1985[[ChromeDriver: chrome on WINDOWS (8b92bf037b5649d3434cb1a40093d6a8)] -> xpath: //form[1]//select[3]]
2020-12-08 10:12:510 INFO  RegistrationPage :96 - enter email Id on field ramkrishna1822@gmail.com[[ChromeDriver: chrome on WINDOWS (8b92bf037b5649d3434cb1a40093d6a8)] -> id: Email]
2020-12-08 10:12:651 INFO  RegistrationPage :104 - Entered company name Prime Testing[[ChromeDriver: chrome on WINDOWS (8b92bf037b5649d3434cb1a40093d6a8)] -> xpath: //input[@id='Company']]
2020-12-08 10:12:765 INFO  RegistrationPage :111 - entered password123456[[ChromeDriver: chrome on WINDOWS (8b92bf037b5649d3434cb1a40093d6a8)] -> id: Password]
2020-12-08 10:12:887 INFO  RegistrationPage :119 - entered confirm  password123456[[ChromeDriver: chrome on WINDOWS (8b92bf037b5649d3434cb1a40093d6a8)] -> id: ConfirmPassword]
2020-12-08 10:12:473 INFO  RegistrationPage :126 - click on register buttonProxy element for: DefaultElementLocator 'By.id: register-button'
2020-12-08 10:12:524 INFO  CartPage :57 - verify message for registration successfully[[ChromeDriver: chrome on WINDOWS (8b92bf037b5649d3434cb1a40093d6a8)] -> xpath: //div[contains(text(),'Your registration completed')]]
2020-12-08 10:12:851 INFO  HomePage :39 - Clicking on computers tab[[ChromeDriver: chrome on WINDOWS (f85992de9f0228acbb4b1744c9d36546)] -> xpath: //ul[@class='top-menu notmobile']/li[1]]
2020-12-08 10:12:170 INFO  ComputerPage :24 - Clicking on desktop pageProxy element for: DefaultElementLocator 'By.xpath: //a[contains(text(),' Desktops')]'
2020-12-08 10:12:356 INFO  DesktopPage :30 - mouse hover to sort by  and click[[ChromeDriver: chrome on WINDOWS (f85992de9f0228acbb4b1744c9d36546)] -> xpath: //select[@id='products-orderby']]
2020-12-08 10:12:26 INFO  DesktopPage :42 - Clicking on A to Z from Drop Down[[ChromeDriver: chrome on WINDOWS (f85992de9f0228acbb4b1744c9d36546)] -> xpath: //option[contains(text(),'Name: A to Z')]]
2020-12-08 10:12:127 INFO  DesktopPage :49 - clicking on add to cart btn[[ChromeDriver: chrome on WINDOWS (f85992de9f0228acbb4b1744c9d36546)] -> xpath: //body/div[6]//div[1]/div/div[2]/div[3]/div[2]/input[1]]
2020-12-08 10:12:40 INFO  BuildYourOwnComputerPage :44 - Get message build your own computer[[ChromeDriver: chrome on WINDOWS (f85992de9f0228acbb4b1744c9d36546)] -> xpath: //h1[contains(text(),'Build your own computer')]]
2020-12-08 10:12:302 INFO  BuildYourOwnComputerPage :52 - select 2.2 GHz Intel Pentium Dual-Core E2200[[ChromeDriver: chrome on WINDOWS (f85992de9f0228acbb4b1744c9d36546)] -> xpath: //h1[contains(text(),'Build your own computer')]]
2020-12-08 10:12:659 INFO  BuildYourOwnComputerPage :59 - select 8GB RAM [[ChromeDriver: chrome on WINDOWS (f85992de9f0228acbb4b1744c9d36546)] -> xpath: //select[@id='product_attribute_2']]
2020-12-08 10:12:856 INFO  BuildYourOwnComputerPage :66 - click on HDD radio button  [[ChromeDriver: chrome on WINDOWS (f85992de9f0228acbb4b1744c9d36546)] -> xpath: //dd[@id='product_attribute_input_3']/ul/li[2]//label[contains(text(),'400 GB [+$100.00]')]]
2020-12-08 10:12:996 INFO  BuildYourOwnComputerPage :73 - click on OS radio button  [[ChromeDriver: chrome on WINDOWS (f85992de9f0228acbb4b1744c9d36546)] -> xpath: //dd[@id='product_attribute_input_4']//li[2]//label[contains(text(),'Vista Premium [+$60.00]')]]
2020-12-08 10:12:146 INFO  BuildYourOwnComputerPage :80 - click on Total Commander [+$5.0]  [[ChromeDriver: chrome on WINDOWS (f85992de9f0228acbb4b1744c9d36546)] -> xpath: //dd[@id='product_attribute_input_5']//li[3]/input]
2020-12-08 10:12:923 INFO  BuildYourOwnComputerPage :87 - Verify the price $1,475.00  [[ChromeDriver: chrome on WINDOWS (f85992de9f0228acbb4b1744c9d36546)] -> xpath: //span[contains(text(),'$1,475.00')]]
2020-12-08 10:12:19 INFO  BuildYourOwnComputerPage :94 - click on add to cart btn [[ChromeDriver: chrome on WINDOWS (f85992de9f0228acbb4b1744c9d36546)] -> xpath: //input[@id='add-to-cart-button-1']]
2020-12-08 10:12:418 INFO  BuildYourOwnComputerPage :100 - get text from to verify [[ChromeDriver: chrome on WINDOWS (f85992de9f0228acbb4b1744c9d36546)] -> xpath: //body/div[@id='bar-notification']/div[1]/p[1]]
2020-12-08 10:12:595 INFO  BuildYourOwnComputerPage :107 - clicking on close button  [[ChromeDriver: chrome on WINDOWS (f85992de9f0228acbb4b1744c9d36546)] -> xpath: //body/div[@id='bar-notification']/div[1]/span[1]]
2020-12-08 10:12:755 INFO  BuildYourOwnComputerPage :113 - clicking on shopping cart  [[ChromeDriver: chrome on WINDOWS (f85992de9f0228acbb4b1744c9d36546)] -> xpath: //span[contains(text(),'Shopping cart')]]
2020-12-08 10:12:100 INFO  BuildYourOwnComputerPage :119 - licking on shopping cart  [[ChromeDriver: chrome on WINDOWS (f85992de9f0228acbb4b1744c9d36546)] -> xpath: //body/div[6]/div[1]/div[1]/div[2]/div[2]/div[1]/div[4]/input[1]]
2020-12-08 10:12:183 INFO  CartPage :30 - clear default quantity and add 2  [[ChromeDriver: chrome on WINDOWS (f85992de9f0228acbb4b1744c9d36546)] -> xpath: //input[@class='qty-input']]
2020-12-08 10:12:280 INFO  CartPage :36 - clear default quantity and add 2  [[ChromeDriver: chrome on WINDOWS (f85992de9f0228acbb4b1744c9d36546)] -> xpath: //input[@class='qty-input']]
2020-12-08 10:12:99 INFO  CartPage :43 - click to update shopping cart  [[ChromeDriver: chrome on WINDOWS (f85992de9f0228acbb4b1744c9d36546)] -> xpath: //input[@class='qty-input']]
2020-12-08 10:12:160 INFO  CartPage :50 - get message to varify[[ChromeDriver: chrome on WINDOWS (f85992de9f0228acbb4b1744c9d36546)] -> xpath: //tbody/tr[1]/td[7]/span[1]]
2020-12-08 10:12:623 INFO  HomePage :39 - Clicking on computers tab[[ChromeDriver: chrome on WINDOWS (3ace57492dfee9e450e42674864e192f)] -> xpath: //ul[@class='top-menu notmobile']/li[1]]
2020-12-08 10:12:715 INFO  ComputerPage :24 - Clicking on desktop page[[ChromeDriver: chrome on WINDOWS (3ace57492dfee9e450e42674864e192f)] -> xpath: //a[contains(text(),' Desktops')]]
2020-12-08 10:12:115 INFO  HomePage :32 - Clicking on register Link[[ChromeDriver: chrome on WINDOWS (9390fd972063e8b4c25e90d740b8f706)] -> link text: Register]
2020-12-08 10:12:258 INFO  RegistrationPage :53 - selected radio button[[ChromeDriver: chrome on WINDOWS (9390fd972063e8b4c25e90d740b8f706)] -> xpath: //span[@class='male']]
2020-12-08 10:12:434 INFO  RegistrationPage :61 - Entered first nameRam[[ChromeDriver: chrome on WINDOWS (9390fd972063e8b4c25e90d740b8f706)] -> id: FirstName]
2020-12-08 10:12:566 INFO  RegistrationPage :68 - Entered last nameKrishna[[ChromeDriver: chrome on WINDOWS (9390fd972063e8b4c25e90d740b8f706)] -> id: LastName]
2020-12-08 10:12:671 INFO  RegistrationPage :75 - selected day from drop down10[[ChromeDriver: chrome on WINDOWS (9390fd972063e8b4c25e90d740b8f706)] -> xpath: //form[1]//select[1]]
2020-12-08 10:12:774 INFO  RegistrationPage :82 - selected month from drop downMay[[ChromeDriver: chrome on WINDOWS (9390fd972063e8b4c25e90d740b8f706)] -> xpath: //form[1]//select[2]]
2020-12-08 10:12:867 INFO  RegistrationPage :89 - selected year from drop down1985[[ChromeDriver: chrome on WINDOWS (9390fd972063e8b4c25e90d740b8f706)] -> xpath: //form[1]//select[3]]
2020-12-08 10:12:33 INFO  RegistrationPage :96 - enter email Id on field ramkrishna3851@gmail.com[[ChromeDriver: chrome on WINDOWS (9390fd972063e8b4c25e90d740b8f706)] -> id: Email]
2020-12-08 10:12:174 INFO  RegistrationPage :104 - Entered company name Prime Testing[[ChromeDriver: chrome on WINDOWS (9390fd972063e8b4c25e90d740b8f706)] -> xpath: //input[@id='Company']]
2020-12-08 10:12:297 INFO  RegistrationPage :111 - entered password123456[[ChromeDriver: chrome on WINDOWS (9390fd972063e8b4c25e90d740b8f706)] -> id: Password]
2020-12-08 10:12:416 INFO  RegistrationPage :119 - entered confirm  password123456[[ChromeDriver: chrome on WINDOWS (9390fd972063e8b4c25e90d740b8f706)] -> id: ConfirmPassword]
2020-12-08 10:12:87 INFO  RegistrationPage :126 - click on register buttonProxy element for: DefaultElementLocator 'By.id: register-button'
2020-12-08 10:12:331 INFO  CartPage :64 - click on logout buttonProxy element for: DefaultElementLocator 'By.className: ico-logout'
2020-12-08 10:12:871 INFO  HomePage :25 - Clicking on Login link : [[ChromeDriver: chrome on WINDOWS (9390fd972063e8b4c25e90d740b8f706)] -> link text: Log in]
2020-12-08 10:12:70 INFO  LoginPage :32 - Entering email address : ramkrishna3851@gmail.com to email field : [[ChromeDriver: chrome on WINDOWS (9390fd972063e8b4c25e90d740b8f706)] -> xpath: //input[@id='Email']]
2020-12-08 10:12:212 INFO  LoginPage :39 - Entering password : 123456 to password field : [[ChromeDriver: chrome on WINDOWS (9390fd972063e8b4c25e90d740b8f706)] -> xpath: //input[@id='Password']]
2020-12-08 10:12:934 INFO  LoginPage :46 - Clicking on login button : Proxy element for: DefaultElementLocator 'By.xpath: //input[@class='button-1 login-button']'
2020-12-08 10:12:998 INFO  HomePage :44 - login Successfully Text[[ChromeDriver: chrome on WINDOWS (9390fd972063e8b4c25e90d740b8f706)] -> xpath: //h2[contains(text(),'Welcome to our store')]]
2020-12-08 10:12:672 INFO  HomePage :25 - Clicking on Login link : [[ChromeDriver: chrome on WINDOWS (a1276c984d9ef858cc4b787caaddbdcb)] -> link text: Log in]
2020-12-08 10:12:728 INFO  LoginPage :52 - Getting text from : [[ChromeDriver: chrome on WINDOWS (a1276c984d9ef858cc4b787caaddbdcb)] -> xpath: //div[@class='page-title']//h1]
2020-12-08 10:12:155 INFO  HomePage :25 - Clicking on Login link : [[ChromeDriver: chrome on WINDOWS (655d3fab488f35c009ccf935aec0bd3a)] -> link text: Log in]
2020-12-08 10:12:358 INFO  LoginPage :32 - Entering email address : ramkrishna@abc.com to email field : [[ChromeDriver: chrome on WINDOWS (655d3fab488f35c009ccf935aec0bd3a)] -> xpath: //input[@id='Email']]
2020-12-08 10:12:522 INFO  LoginPage :39 - Entering password : 123456 to password field : [[ChromeDriver: chrome on WINDOWS (655d3fab488f35c009ccf935aec0bd3a)] -> xpath: //input[@id='Password']]
2020-12-08 10:12:51 INFO  LoginPage :46 - Clicking on login button : [[ChromeDriver: chrome on WINDOWS (655d3fab488f35c009ccf935aec0bd3a)] -> xpath: //input[@class='button-1 login-button']]
2020-12-08 10:12:101 INFO  LoginPage :58 - get error message [[ChromeDriver: chrome on WINDOWS (655d3fab488f35c009ccf935aec0bd3a)] -> xpath: //body/div[6]/div[3]/div[1]/div[1]/div[1]/div[2]/div[1]/div[2]/form[1]/div[1]]
2020-12-08 11:12:127 INFO  HomePage :39 - Clicking on computers tab[[ChromeDriver: chrome on WINDOWS (70291ac1590aee956fd44dee3298bf99)] -> xpath: //ul[@class='top-menu notmobile']/li[1]]
2020-12-08 11:12:200 INFO  ComputerPage :24 - Clicking on desktop page[[ChromeDriver: chrome on WINDOWS (70291ac1590aee956fd44dee3298bf99)] -> xpath: //a[contains(text(),' Desktops')]]
2020-12-08 11:12:316 INFO  HomePage :39 - Clicking on computers tab[[ChromeDriver: chrome on WINDOWS (f103cd13d16acdcae5aa3693cdabb972)] -> xpath: //ul[@class='top-menu notmobile']/li[1]]
2020-12-08 11:12:395 INFO  ComputerPage :24 - Clicking on desktop page[[ChromeDriver: chrome on WINDOWS (f103cd13d16acdcae5aa3693cdabb972)] -> xpath: //a[contains(text(),' Desktops')]]
2020-12-08 11:12:227 INFO  HomePage :39 - Clicking on computers tab[[ChromeDriver: chrome on WINDOWS (d54458b8e8ead7d8201e0890c4138236)] -> xpath: //ul[@class='top-menu notmobile']/li[1]]
2020-12-08 11:12:677 INFO  ComputerPage :24 - Clicking on desktop pageProxy element for: DefaultElementLocator 'By.xpath: //a[contains(text(),' Desktops')]'
2020-12-08 11:12:38 INFO  DesktopPage :35 - mouse hover to sort by  and click[[ChromeDriver: chrome on WINDOWS (d54458b8e8ead7d8201e0890c4138236)] -> xpath: //select[@id='products-orderby']]
2020-12-08 11:12:309 INFO  DesktopPage :41 - Clicking on z to a from Drop Down[[ChromeDriver: chrome on WINDOWS (d54458b8e8ead7d8201e0890c4138236)] -> xpath: //option[contains(text(),'Name: Z to A')]]
2020-12-08 11:12:409 INFO  DesktopPage :68 - Products title in reverse order [[[ChromeDriver: chrome on WINDOWS (d54458b8e8ead7d8201e0890c4138236)] -> xpath: //h2[@class='product-title']], [[ChromeDriver: chrome on WINDOWS (d54458b8e8ead7d8201e0890c4138236)] -> xpath: //h2[@class='product-title']], [[ChromeDriver: chrome on WINDOWS (d54458b8e8ead7d8201e0890c4138236)] -> xpath: //h2[@class='product-title']]]
2020-12-08 11:12:03 INFO  HomePage :32 - Clicking on register Link[[ChromeDriver: chrome on WINDOWS (9b5d02c670fcce8c9796c60ddd280070)] -> link text: Register]
2020-12-08 11:12:62 INFO  RegistrationPage :44 - Landing on registration page[[ChromeDriver: chrome on WINDOWS (9b5d02c670fcce8c9796c60ddd280070)] -> xpath: //h1[contains(text(),'Register')]]
2020-12-08 11:12:846 INFO  HomePage :32 - Clicking on register Link[[ChromeDriver: chrome on WINDOWS (09fb532f6ed3e799972d2d806c38fda5)] -> link text: Register]
2020-12-08 11:12:32 INFO  RegistrationPage :53 - selected radio button[[ChromeDriver: chrome on WINDOWS (09fb532f6ed3e799972d2d806c38fda5)] -> xpath: //span[@class='male']]
2020-12-08 11:12:165 INFO  RegistrationPage :61 - Entered first nameRam[[ChromeDriver: chrome on WINDOWS (09fb532f6ed3e799972d2d806c38fda5)] -> id: FirstName]
2020-12-08 11:12:266 INFO  RegistrationPage :68 - Entered last nameKrishna[[ChromeDriver: chrome on WINDOWS (09fb532f6ed3e799972d2d806c38fda5)] -> id: LastName]
2020-12-08 11:12:343 INFO  RegistrationPage :75 - selected day from drop down10[[ChromeDriver: chrome on WINDOWS (09fb532f6ed3e799972d2d806c38fda5)] -> xpath: //form[1]//select[1]]
2020-12-08 11:12:423 INFO  RegistrationPage :82 - selected month from drop downMay[[ChromeDriver: chrome on WINDOWS (09fb532f6ed3e799972d2d806c38fda5)] -> xpath: //form[1]//select[2]]
2020-12-08 11:12:502 INFO  RegistrationPage :89 - selected year from drop down1985[[ChromeDriver: chrome on WINDOWS (09fb532f6ed3e799972d2d806c38fda5)] -> xpath: //form[1]//select[3]]
2020-12-08 11:12:655 INFO  RegistrationPage :96 - enter email Id on field ramkrishna2773@gmail.com[[ChromeDriver: chrome on WINDOWS (09fb532f6ed3e799972d2d806c38fda5)] -> id: Email]
2020-12-08 11:12:779 INFO  RegistrationPage :104 - Entered company name Prime Testing[[ChromeDriver: chrome on WINDOWS (09fb532f6ed3e799972d2d806c38fda5)] -> xpath: //input[@id='Company']]
2020-12-08 11:12:885 INFO  RegistrationPage :111 - entered password123456[[ChromeDriver: chrome on WINDOWS (09fb532f6ed3e799972d2d806c38fda5)] -> id: Password]
2020-12-08 11:12:986 INFO  RegistrationPage :119 - entered confirm  password123456[[ChromeDriver: chrome on WINDOWS (09fb532f6ed3e799972d2d806c38fda5)] -> id: ConfirmPassword]
2020-12-08 11:12:505 INFO  RegistrationPage :126 - click on register buttonProxy element for: DefaultElementLocator 'By.id: register-button'
2020-12-08 11:12:545 INFO  CartPage :57 - verify message for registration successfully[[ChromeDriver: chrome on WINDOWS (09fb532f6ed3e799972d2d806c38fda5)] -> xpath: //div[contains(text(),'Your registration completed')]]
2020-12-08 11:12:121 INFO  HomePage :39 - Clicking on computers tab[[ChromeDriver: chrome on WINDOWS (121e056558209748938f88d5cab7d3f9)] -> xpath: //ul[@class='top-menu notmobile']/li[1]]
2020-12-08 11:12:764 INFO  ComputerPage :24 - Clicking on desktop pageProxy element for: DefaultElementLocator 'By.xpath: //a[contains(text(),' Desktops')]'
2020-12-08 11:12:938 INFO  DesktopPage :35 - mouse hover to sort by  and click[[ChromeDriver: chrome on WINDOWS (121e056558209748938f88d5cab7d3f9)] -> xpath: //select[@id='products-orderby']]
2020-12-08 11:12:239 INFO  DesktopPage :47 - Clicking on A to Z from Drop Down[[ChromeDriver: chrome on WINDOWS (121e056558209748938f88d5cab7d3f9)] -> xpath: //option[contains(text(),'Name: A to Z')]]
2020-12-08 11:12:329 INFO  DesktopPage :54 - clicking on add to cart btn[[ChromeDriver: chrome on WINDOWS (121e056558209748938f88d5cab7d3f9)] -> xpath: //body/div[6]//div[1]/div/div[2]/div[3]/div[2]/input[1]]
2020-12-08 11:12:145 INFO  BuildYourOwnComputerPage :44 - Get message build your own computer[[ChromeDriver: chrome on WINDOWS (121e056558209748938f88d5cab7d3f9)] -> xpath: //h1[contains(text(),'Build your own computer')]]
2020-12-08 11:12:367 INFO  BuildYourOwnComputerPage :52 - select 2.2 GHz Intel Pentium Dual-Core E2200[[ChromeDriver: chrome on WINDOWS (121e056558209748938f88d5cab7d3f9)] -> xpath: //h1[contains(text(),'Build your own computer')]]
2020-12-08 11:12:518 INFO  BuildYourOwnComputerPage :59 - select 8GB RAM [[ChromeDriver: chrome on WINDOWS (121e056558209748938f88d5cab7d3f9)] -> xpath: //select[@id='product_attribute_2']]
2020-12-08 11:12:602 INFO  BuildYourOwnComputerPage :66 - click on HDD radio button  [[ChromeDriver: chrome on WINDOWS (121e056558209748938f88d5cab7d3f9)] -> xpath: //dd[@id='product_attribute_input_3']/ul/li[2]//label[contains(text(),'400 GB [+$100.00]')]]
2020-12-08 11:12:672 INFO  BuildYourOwnComputerPage :73 - click on OS radio button  [[ChromeDriver: chrome on WINDOWS (121e056558209748938f88d5cab7d3f9)] -> xpath: //dd[@id='product_attribute_input_4']//li[2]//label[contains(text(),'Vista Premium [+$60.00]')]]
2020-12-08 11:12:823 INFO  BuildYourOwnComputerPage :80 - click on Total Commander [+$5.0]  [[ChromeDriver: chrome on WINDOWS (121e056558209748938f88d5cab7d3f9)] -> xpath: //dd[@id='product_attribute_input_5']//li[3]/input]
2020-12-08 11:12:731 INFO  BuildYourOwnComputerPage :87 - Verify the price $1,475.00  [[ChromeDriver: chrome on WINDOWS (121e056558209748938f88d5cab7d3f9)] -> xpath: //span[contains(text(),'$1,475.00')]]
2020-12-08 11:12:799 INFO  BuildYourOwnComputerPage :94 - click on add to cart btn [[ChromeDriver: chrome on WINDOWS (121e056558209748938f88d5cab7d3f9)] -> xpath: //input[@id='add-to-cart-button-1']]
2020-12-08 11:12:167 INFO  BuildYourOwnComputerPage :100 - get text from to verify [[ChromeDriver: chrome on WINDOWS (121e056558209748938f88d5cab7d3f9)] -> xpath: //body/div[@id='bar-notification']/div[1]/p[1]]
2020-12-08 11:12:335 INFO  BuildYourOwnComputerPage :107 - clicking on close button  [[ChromeDriver: chrome on WINDOWS (121e056558209748938f88d5cab7d3f9)] -> xpath: //body/div[@id='bar-notification']/div[1]/span[1]]
2020-12-08 11:12:479 INFO  BuildYourOwnComputerPage :113 - clicking on shopping cart  [[ChromeDriver: chrome on WINDOWS (121e056558209748938f88d5cab7d3f9)] -> xpath: //span[contains(text(),'Shopping cart')]]
2020-12-08 11:12:169 INFO  BuildYourOwnComputerPage :119 - licking on shopping cart  [[ChromeDriver: chrome on WINDOWS (121e056558209748938f88d5cab7d3f9)] -> xpath: //body/div[6]/div[1]/div[1]/div[2]/div[2]/div[1]/div[4]/input[1]]
2020-12-08 11:12:234 INFO  CartPage :30 - clear default quantity and add 2  [[ChromeDriver: chrome on WINDOWS (121e056558209748938f88d5cab7d3f9)] -> xpath: //input[@class='qty-input']]
2020-12-08 11:12:305 INFO  CartPage :36 - clear default quantity and add 2  [[ChromeDriver: chrome on WINDOWS (121e056558209748938f88d5cab7d3f9)] -> xpath: //input[@class='qty-input']]
2020-12-08 11:12:750 INFO  CartPage :43 - click to update shopping cart  [[ChromeDriver: chrome on WINDOWS (121e056558209748938f88d5cab7d3f9)] -> xpath: //input[@class='qty-input']]
2020-12-08 11:12:795 INFO  CartPage :50 - get message to varify[[ChromeDriver: chrome on WINDOWS (121e056558209748938f88d5cab7d3f9)] -> xpath: //tbody/tr[1]/td[7]/span[1]]
2020-12-08 11:12:637 INFO  HomePage :39 - Clicking on computers tab[[ChromeDriver: chrome on WINDOWS (c0e15ec574ce8527fd35be8fde596521)] -> xpath: //ul[@class='top-menu notmobile']/li[1]]
2020-12-08 11:12:30 INFO  ComputerPage :24 - Clicking on desktop pageProxy element for: DefaultElementLocator 'By.xpath: //a[contains(text(),' Desktops')]'
2020-12-08 11:12:195 INFO  DesktopPage :35 - mouse hover to sort by  and click[[ChromeDriver: chrome on WINDOWS (c0e15ec574ce8527fd35be8fde596521)] -> xpath: //select[@id='products-orderby']]
2020-12-08 11:12:485 INFO  DesktopPage :41 - Clicking on z to a from Drop Down[[ChromeDriver: chrome on WINDOWS (c0e15ec574ce8527fd35be8fde596521)] -> xpath: //option[contains(text(),'Name: Z to A')]]
2020-12-08 11:12:558 INFO  DesktopPage :68 - Products title in reverse order [[[ChromeDriver: chrome on WINDOWS (c0e15ec574ce8527fd35be8fde596521)] -> xpath: //h2[@class='product-title']], [[ChromeDriver: chrome on WINDOWS (c0e15ec574ce8527fd35be8fde596521)] -> xpath: //h2[@class='product-title']], [[ChromeDriver: chrome on WINDOWS (c0e15ec574ce8527fd35be8fde596521)] -> xpath: //h2[@class='product-title']]]
2020-12-08 11:12:371 INFO  HomePage :32 - Clicking on register Link[[ChromeDriver: chrome on WINDOWS (751a1686306c83cc2bcd6cd176e081e4)] -> link text: Register]
2020-12-08 11:12:490 INFO  RegistrationPage :53 - selected radio button[[ChromeDriver: chrome on WINDOWS (751a1686306c83cc2bcd6cd176e081e4)] -> xpath: //span[@class='male']]
2020-12-08 11:12:622 INFO  RegistrationPage :61 - Entered first nameRam[[ChromeDriver: chrome on WINDOWS (751a1686306c83cc2bcd6cd176e081e4)] -> id: FirstName]
2020-12-08 11:12:717 INFO  RegistrationPage :68 - Entered last nameKrishna[[ChromeDriver: chrome on WINDOWS (751a1686306c83cc2bcd6cd176e081e4)] -> id: LastName]
2020-12-08 11:12:794 INFO  RegistrationPage :75 - selected day from drop down10[[ChromeDriver: chrome on WINDOWS (751a1686306c83cc2bcd6cd176e081e4)] -> xpath: //form[1]//select[1]]
2020-12-08 11:12:873 INFO  RegistrationPage :82 - selected month from drop downMay[[ChromeDriver: chrome on WINDOWS (751a1686306c83cc2bcd6cd176e081e4)] -> xpath: //form[1]//select[2]]
2020-12-08 11:12:952 INFO  RegistrationPage :89 - selected year from drop down1985[[ChromeDriver: chrome on WINDOWS (751a1686306c83cc2bcd6cd176e081e4)] -> xpath: //form[1]//select[3]]
2020-12-08 11:12:102 INFO  RegistrationPage :96 - enter email Id on field ramkrishna4869@gmail.com[[ChromeDriver: chrome on WINDOWS (751a1686306c83cc2bcd6cd176e081e4)] -> id: Email]
2020-12-08 11:12:227 INFO  RegistrationPage :104 - Entered company name Prime Testing[[ChromeDriver: chrome on WINDOWS (751a1686306c83cc2bcd6cd176e081e4)] -> xpath: //input[@id='Company']]
2020-12-08 11:12:333 INFO  RegistrationPage :111 - entered password123456[[ChromeDriver: chrome on WINDOWS (751a1686306c83cc2bcd6cd176e081e4)] -> id: Password]
2020-12-08 11:12:448 INFO  RegistrationPage :119 - entered confirm  password123456[[ChromeDriver: chrome on WINDOWS (751a1686306c83cc2bcd6cd176e081e4)] -> id: ConfirmPassword]
2020-12-08 11:12:339 INFO  RegistrationPage :126 - click on register buttonProxy element for: DefaultElementLocator 'By.id: register-button'
2020-12-08 11:12:30 INFO  CartPage :64 - click on logout buttonProxy element for: DefaultElementLocator 'By.className: ico-logout'
2020-12-08 11:12:187 INFO  HomePage :25 - Clicking on Login link : [[ChromeDriver: chrome on WINDOWS (751a1686306c83cc2bcd6cd176e081e4)] -> link text: Log in]
2020-12-08 11:12:347 INFO  LoginPage :32 - Entering email address : ramkrishna4869@gmail.com to email field : [[ChromeDriver: chrome on WINDOWS (751a1686306c83cc2bcd6cd176e081e4)] -> xpath: //input[@id='Email']]
2020-12-08 11:12:475 INFO  LoginPage :39 - Entering password : 123456 to password field : [[ChromeDriver: chrome on WINDOWS (751a1686306c83cc2bcd6cd176e081e4)] -> xpath: //input[@id='Password']]
2020-12-08 11:12:837 INFO  LoginPage :46 - Clicking on login button : Proxy element for: DefaultElementLocator 'By.xpath: //input[@class='button-1 login-button']'
2020-12-08 11:12:880 INFO  HomePage :44 - login Successfully Text[[ChromeDriver: chrome on WINDOWS (751a1686306c83cc2bcd6cd176e081e4)] -> xpath: //h2[contains(text(),'Welcome to our store')]]
2020-12-08 11:12:74 INFO  HomePage :25 - Clicking on Login link : [[ChromeDriver: chrome on WINDOWS (ad84feddd7f4ac03759697e29e0ddcaa)] -> link text: Log in]
2020-12-08 11:12:118 INFO  LoginPage :52 - Getting text from : [[ChromeDriver: chrome on WINDOWS (ad84feddd7f4ac03759697e29e0ddcaa)] -> xpath: //div[@class='page-title']//h1]
2020-12-08 11:12:249 INFO  HomePage :25 - Clicking on Login link : [[ChromeDriver: chrome on WINDOWS (da8af0750d8ab4d2043b016df626c8e2)] -> link text: Log in]
2020-12-08 11:12:428 INFO  LoginPage :32 - Entering email address : ramkrishna@abc.com to email field : [[ChromeDriver: chrome on WINDOWS (da8af0750d8ab4d2043b016df626c8e2)] -> xpath: //input[@id='Email']]
2020-12-08 11:12:577 INFO  LoginPage :39 - Entering password : 123456 to password field : [[ChromeDriver: chrome on WINDOWS (da8af0750d8ab4d2043b016df626c8e2)] -> xpath: //input[@id='Password']]
2020-12-08 11:12:717 INFO  LoginPage :46 - Clicking on login button : [[ChromeDriver: chrome on WINDOWS (da8af0750d8ab4d2043b016df626c8e2)] -> xpath: //input[@class='button-1 login-button']]
2020-12-08 11:12:762 INFO  LoginPage :58 - get error message [[ChromeDriver: chrome on WINDOWS (da8af0750d8ab4d2043b016df626c8e2)] -> xpath: //body/div[6]/div[3]/div[1]/div[1]/div[1]/div[2]/div[1]/div[2]/form[1]/div[1]]
2020-12-08 11:12:968 INFO  HomePage :39 - Clicking on computers tab[[ChromeDriver: chrome on WINDOWS (c12b7c6f99c5bb07b0d411fe4536716d)] -> xpath: //ul[@class='top-menu notmobile']/li[1]]
2020-12-08 11:12:128 INFO  ComputerPage :25 - Clicking on desktop page[[ChromeDriver: chrome on WINDOWS (c12b7c6f99c5bb07b0d411fe4536716d)] -> xpath: //a[contains(text(),' Desktops')]]
2020-12-08 11:12:407 INFO  HomePage :39 - Clicking on computers tab[[ChromeDriver: chrome on WINDOWS (b6bc878023ceae95d33130bbd9e67ffa)] -> xpath: //ul[@class='top-menu notmobile']/li[1]]
2020-12-08 11:12:580 INFO  ComputerPage :25 - Clicking on desktop page[[ChromeDriver: chrome on WINDOWS (b6bc878023ceae95d33130bbd9e67ffa)] -> xpath: //a[contains(text(),' Desktops')]]
2020-12-08 11:12:689 INFO  HomePage :39 - Clicking on computers tab[[ChromeDriver: chrome on WINDOWS (b3fed49ae3e6d50ee99ad605b5f91d35)] -> xpath: //ul[@class='top-menu notmobile']/li[1]]
2020-12-08 11:12:847 INFO  ComputerPage :25 - Clicking on desktop page[[ChromeDriver: chrome on WINDOWS (b3fed49ae3e6d50ee99ad605b5f91d35)] -> xpath: //a[contains(text(),' Desktops')]]
2020-12-08 11:12:661 INFO  HomePage :39 - Clicking on computers tab[[ChromeDriver: chrome on WINDOWS (4ecbe68a745d128374b1d1a772b08406)] -> xpath: //ul[@class='top-menu notmobile']/li[1]]
2020-12-08 11:12:980 INFO  ComputerPage :25 - Clicking on desktop pageProxy element for: DefaultElementLocator 'By.xpath: //a[contains(text(),' Desktops')]'
2020-12-08 11:12:222 INFO  DesktopPage :36 - mouse hover to sort by  and click[[ChromeDriver: chrome on WINDOWS (4ecbe68a745d128374b1d1a772b08406)] -> xpath: //select[@id='products-orderby']]
2020-12-08 11:12:460 INFO  DesktopPage :42 - Clicking on z to a from Drop Down[[ChromeDriver: chrome on WINDOWS (4ecbe68a745d128374b1d1a772b08406)] -> xpath: //option[contains(text(),'Name: Z to A')]]
2020-12-08 11:12:547 INFO  DesktopPage :69 - Products title in reverse order [[[ChromeDriver: chrome on WINDOWS (4ecbe68a745d128374b1d1a772b08406)] -> xpath: //h2[@class='product-title']], [[ChromeDriver: chrome on WINDOWS (4ecbe68a745d128374b1d1a772b08406)] -> xpath: //h2[@class='product-title']], [[ChromeDriver: chrome on WINDOWS (4ecbe68a745d128374b1d1a772b08406)] -> xpath: //h2[@class='product-title']]]
